0 verbose cli /usr/local/bin/node /usr/local/bin/npm
1 info using npm@10.8.2
2 info using node@v20.19.5
3 silly config load:file:/usr/local/lib/node_modules/npm/npmrc
4 silly config load:file:/builds/zenet/web/web-frontend/.npmrc
5 silly config load:file:/root/.npmrc
6 silly config load:file:/usr/local/etc/npmrc
7 verbose title npm ci
8 verbose argv "ci" "--cache" ".npm" "--prefer-offline"
9 verbose logfile logs-max:10 dir:/builds/zenet/web/web-frontend/.npm/_logs/2025-09-18T10_59_31_795Z-
10 verbose logfile /builds/zenet/web/web-frontend/.npm/_logs/2025-09-18T10_59_31_795Z-debug-0.log
11 silly packumentCache heap:2197815296 maxSize:549453824 maxEntrySize:274726912
12 silly logfile done cleaning log files
13 silly idealTree buildDeps
14 silly reify moves {}
15 verbose reify failed optional dependency /builds/zenet/web/web-frontend/node_modules/@tailwindcss/oxide-wasm32-wasi
16 silly reify mark deleted [
16 silly reify   '/builds/zenet/web/web-frontend/node_modules/@tailwindcss/oxide-wasm32-wasi'
16 silly reify ]
17 silly audit bulk request {
17 silly audit   '@adobe/css-tools': [ '4.4.4' ],
17 silly audit   '@alloc/quick-lru': [ '5.2.0' ],
17 silly audit   '@asamuzakjp/css-color': [ '3.2.0' ],
17 silly audit   'lru-cache': [ '10.4.3', '5.1.1' ],
17 silly audit   '@babel/code-frame': [ '7.27.1' ],
17 silly audit   '@babel/compat-data': [ '7.28.4' ],
17 silly audit   '@babel/core': [ '7.28.4' ],
17 silly audit   semver: [ '6.3.1', '7.7.2' ],
17 silly audit   '@babel/generator': [ '7.28.3' ],
17 silly audit   '@babel/helper-compilation-targets': [ '7.27.2' ],
17 silly audit   '@babel/helper-globals': [ '7.28.0' ],
17 silly audit   '@babel/helper-module-imports': [ '7.27.1' ],
17 silly audit   '@babel/helper-module-transforms': [ '7.28.3' ],
17 silly audit   '@babel/helper-plugin-utils': [ '7.27.1' ],
17 silly audit   '@babel/helper-string-parser': [ '7.27.1' ],
17 silly audit   '@babel/helper-validator-identifier': [ '7.27.1' ],
17 silly audit   '@babel/helper-validator-option': [ '7.27.1' ],
17 silly audit   '@babel/helpers': [ '7.28.4' ],
17 silly audit   '@babel/parser': [ '7.28.4' ],
17 silly audit   '@babel/plugin-syntax-async-generators': [ '7.8.4' ],
17 silly audit   '@babel/plugin-syntax-bigint': [ '7.8.3' ],
17 silly audit   '@babel/plugin-syntax-class-properties': [ '7.12.13' ],
17 silly audit   '@babel/plugin-syntax-class-static-block': [ '7.14.5' ],
17 silly audit   '@babel/plugin-syntax-import-attributes': [ '7.27.1' ],
17 silly audit   '@babel/plugin-syntax-import-meta': [ '7.10.4' ],
17 silly audit   '@babel/plugin-syntax-json-strings': [ '7.8.3' ],
17 silly audit   '@babel/plugin-syntax-jsx': [ '7.27.1' ],
17 silly audit   '@babel/plugin-syntax-logical-assignment-operators': [ '7.10.4' ],
17 silly audit   '@babel/plugin-syntax-nullish-coalescing-operator': [ '7.8.3' ],
17 silly audit   '@babel/plugin-syntax-numeric-separator': [ '7.10.4' ],
17 silly audit   '@babel/plugin-syntax-object-rest-spread': [ '7.8.3' ],
17 silly audit   '@babel/plugin-syntax-optional-catch-binding': [ '7.8.3' ],
17 silly audit   '@babel/plugin-syntax-optional-chaining': [ '7.8.3' ],
17 silly audit   '@babel/plugin-syntax-private-property-in-object': [ '7.14.5' ],
17 silly audit   '@babel/plugin-syntax-top-level-await': [ '7.14.5' ],
17 silly audit   '@babel/plugin-syntax-typescript': [ '7.27.1' ],
17 silly audit   '@babel/runtime': [ '7.28.4' ],
17 silly audit   '@babel/template': [ '7.27.2' ],
17 silly audit   '@babel/traverse': [ '7.28.4' ],
17 silly audit   '@babel/types': [ '7.28.4' ],
17 silly audit   '@bcoe/v8-coverage': [ '0.2.3' ],
17 silly audit   '@csstools/color-helpers': [ '5.1.0' ],
17 silly audit   '@csstools/css-calc': [ '2.1.4' ],
17 silly audit   '@csstools/css-color-parser': [ '3.1.0' ],
17 silly audit   '@csstools/css-parser-algorithms': [ '3.0.5' ],
17 silly audit   '@csstools/css-tokenizer': [ '3.0.4' ],
17 silly audit   '@emnapi/core': [ '1.5.0' ],
17 silly audit   '@emnapi/runtime': [ '1.5.0' ],
17 silly audit   '@emnapi/wasi-threads': [ '1.1.0' ],
17 silly audit   '@eslint-community/eslint-utils': [ '4.9.0' ],
17 silly audit   '@eslint-community/regexpp': [ '4.12.1' ],
17 silly audit   '@eslint/config-array': [ '0.21.0' ],
17 silly audit   '@eslint/config-helpers': [ '0.3.1' ],
17 silly audit   '@eslint/core': [ '0.15.2' ],
17 silly audit   '@eslint/eslintrc': [ '3.3.1' ],
17 silly audit   '@eslint/js': [ '9.35.0' ],
17 silly audit   '@eslint/object-schema': [ '2.1.6' ],
17 silly audit   '@eslint/plugin-kit': [ '0.3.5' ],
17 silly audit   '@gerrit0/mini-shiki': [ '3.12.2' ],
17 silly audit   '@humanfs/core': [ '0.19.1' ],
17 silly audit   '@humanfs/node': [ '0.16.7' ],
17 silly audit   '@humanwhocodes/module-importer': [ '1.0.1' ],
17 silly audit   '@humanwhocodes/retry': [ '0.4.3' ],
17 silly audit   '@img/colour': [ '1.0.0' ],
17 silly audit   '@img/sharp-darwin-arm64': [ '0.34.4' ],
17 silly audit   '@img/sharp-darwin-x64': [ '0.34.4' ],
17 silly audit   '@img/sharp-libvips-darwin-arm64': [ '1.2.3' ],
17 silly audit   '@img/sharp-libvips-darwin-x64': [ '1.2.3' ],
17 silly audit   '@img/sharp-libvips-linux-arm': [ '1.2.3' ],
17 silly audit   '@img/sharp-libvips-linux-arm64': [ '1.2.3' ],
17 silly audit   '@img/sharp-libvips-linux-ppc64': [ '1.2.3' ],
17 silly audit   '@img/sharp-libvips-linux-s390x': [ '1.2.3' ],
17 silly audit   '@img/sharp-libvips-linux-x64': [ '1.2.3' ],
17 silly audit   '@img/sharp-libvips-linuxmusl-arm64': [ '1.2.3' ],
17 silly audit   '@img/sharp-libvips-linuxmusl-x64': [ '1.2.3' ],
17 silly audit   '@img/sharp-linux-arm': [ '0.34.4' ],
17 silly audit   '@img/sharp-linux-arm64': [ '0.34.4' ],
17 silly audit   '@img/sharp-linux-ppc64': [ '0.34.4' ],
17 silly audit   '@img/sharp-linux-s390x': [ '0.34.4' ],
17 silly audit   '@img/sharp-linux-x64': [ '0.34.4' ],
17 silly audit   '@img/sharp-linuxmusl-arm64': [ '0.34.4' ],
17 silly audit   '@img/sharp-linuxmusl-x64': [ '0.34.4' ],
17 silly audit   '@img/sharp-wasm32': [ '0.34.4' ],
17 silly audit   '@img/sharp-win32-arm64': [ '0.34.4' ],
17 silly audit   '@img/sharp-win32-ia32': [ '0.34.4' ],
17 silly audit   '@img/sharp-win32-x64': [ '0.34.4' ],
17 silly audit   '@isaacs/cliui': [ '8.0.2' ],
17 silly audit   '@isaacs/fs-minipass': [ '4.0.1' ],
17 silly audit   '@istanbuljs/load-nyc-config': [ '1.1.0' ],
17 silly audit   argparse: [ '1.0.10', '2.0.1' ],
17 silly audit   'find-up': [ '4.1.0', '5.0.0' ],
17 silly audit   'js-yaml': [ '3.14.1', '4.1.0' ],
17 silly audit   'locate-path': [ '5.0.0', '6.0.0' ],
17 silly audit   'p-limit': [ '2.3.0', '3.1.0' ],
17 silly audit   'p-locate': [ '4.1.0', '5.0.0' ],
17 silly audit   'resolve-from': [ '5.0.0', '4.0.0' ],
17 silly audit   '@istanbuljs/schema': [ '0.1.3' ],
17 silly audit   '@jest/console': [ '30.1.2' ],
17 silly audit   '@jest/core': [ '30.1.3' ],
17 silly audit   'ansi-styles': [ '5.2.0', '4.3.0', '6.2.3' ],
17 silly audit   'pretty-format': [ '30.0.5', '27.5.1' ],
17 silly audit   'react-is': [ '18.3.1', '16.13.1', '17.0.2' ],
17 silly audit   '@jest/diff-sequences': [ '30.0.1' ],
17 silly audit   '@jest/environment': [ '30.1.2' ],
17 silly audit   '@jest/environment-jsdom-abstract': [ '30.1.2' ],
17 silly audit   '@jest/expect': [ '30.1.2' ],
17 silly audit   '@jest/expect-utils': [ '30.1.2' ],
17 silly audit   '@jest/fake-timers': [ '30.1.2' ],
17 silly audit   '@jest/get-type': [ '30.1.0' ],
17 silly audit   '@jest/globals': [ '30.1.2' ],
17 silly audit   '@jest/pattern': [ '30.0.1' ],
17 silly audit   '@jest/reporters': [ '30.1.3' ],
17 silly audit   '@jest/schemas': [ '30.0.5' ],
17 silly audit   '@jest/snapshot-utils': [ '30.1.2' ],
17 silly audit   '@jest/source-map': [ '30.0.1' ],
17 silly audit   '@jest/test-result': [ '30.1.3' ],
17 silly audit   '@jest/test-sequencer': [ '30.1.3' ],
17 silly audit   '@jest/transform': [ '30.1.2' ],
17 silly audit   '@jest/types': [ '30.0.5' ],
17 silly audit   '@jridgewell/gen-mapping': [ '0.3.13' ],
17 silly audit   '@jridgewell/remapping': [ '2.3.5' ],
17 silly audit   '@jridgewell/resolve-uri': [ '3.1.2' ],
17 silly audit   '@jridgewell/sourcemap-codec': [ '1.5.5' ],
17 silly audit   '@jridgewell/trace-mapping': [ '0.3.31' ],
17 silly audit   '@napi-rs/wasm-runtime': [ '0.2.12' ],
17 silly audit   '@next/env': [ '15.5.2' ],
17 silly audit   '@next/eslint-plugin-next': [ '15.5.2' ],
17 silly audit   'fast-glob': [ '3.3.1', '3.3.3' ],
17 silly audit   'glob-parent': [ '5.1.2', '6.0.2' ],
17 silly audit   '@next/swc-darwin-arm64': [ '15.5.2' ],
17 silly audit   '@next/swc-darwin-x64': [ '15.5.2' ],
17 silly audit   '@next/swc-linux-arm64-gnu': [ '15.5.2' ],
17 silly audit   '@next/swc-linux-arm64-musl': [ '15.5.2' ],
17 silly audit   '@next/swc-linux-x64-gnu': [ '15.5.2' ],
17 silly audit   '@next/swc-linux-x64-musl': [ '15.5.2' ],
17 silly audit   '@next/swc-win32-arm64-msvc': [ '15.5.2' ],
17 silly audit   '@next/swc-win32-x64-msvc': [ '15.5.2' ],
17 silly audit   '@nodelib/fs.scandir': [ '2.1.5' ],
17 silly audit   '@nodelib/fs.stat': [ '2.0.5' ],
17 silly audit   '@nodelib/fs.walk': [ '1.2.8' ],
17 silly audit   '@nolyfill/is-core-module': [ '1.0.39' ],
17 silly audit   '@pkgjs/parseargs': [ '0.11.0' ],
17 silly audit   '@pkgr/core': [ '0.2.9' ],
17 silly audit   '@rtsao/scc': [ '1.1.0' ],
17 silly audit   '@rushstack/eslint-patch': [ '1.12.0' ],
17 silly audit   '@shikijs/engine-oniguruma': [ '3.12.2' ],
17 silly audit   '@shikijs/langs': [ '3.12.2' ],
17 silly audit   '@shikijs/themes': [ '3.12.2' ],
17 silly audit   '@shikijs/types': [ '3.12.2' ],
17 silly audit   '@shikijs/vscode-textmate': [ '10.0.2' ],
17 silly audit   '@sinclair/typebox': [ '0.34.41' ],
17 silly audit   '@sinonjs/commons': [ '3.0.1' ],
17 silly audit   '@sinonjs/fake-timers': [ '13.0.5' ],
17 silly audit   '@swc/helpers': [ '0.5.15' ],
17 silly audit   '@tailwindcss/node': [ '4.1.13' ],
17 silly audit   tailwindcss: [ '4.1.13', '3.4.17' ],
17 silly audit   '@tailwindcss/oxide': [ '4.1.13' ],
17 silly audit   '@tailwindcss/oxide-android-arm64': [ '4.1.13' ],
17 silly audit   '@tailwindcss/oxide-darwin-arm64': [ '4.1.13' ],
17 silly audit   '@tailwindcss/oxide-darwin-x64': [ '4.1.13' ],
17 silly audit   '@tailwindcss/oxide-freebsd-x64': [ '4.1.13' ],
17 silly audit   '@tailwindcss/oxide-linux-arm-gnueabihf': [ '4.1.13' ],
17 silly audit   '@tailwindcss/oxide-linux-arm64-gnu': [ '4.1.13' ],
17 silly audit   '@tailwindcss/oxide-linux-arm64-musl': [ '4.1.13' ],
17 silly audit   '@tailwindcss/oxide-linux-x64-gnu': [ '4.1.13' ],
17 silly audit   '@tailwindcss/oxide-linux-x64-musl': [ '4.1.13' ],
17 silly audit   '@tailwindcss/oxide-win32-arm64-msvc': [ '4.1.13' ],
17 silly audit   '@tailwindcss/oxide-win32-x64-msvc': [ '4.1.13' ],
17 silly audit   '@tailwindcss/postcss': [ '4.1.13' ],
17 silly audit   '@testing-library/dom': [ '10.4.1' ],
17 silly audit   '@testing-library/jest-dom': [ '6.8.0' ],
17 silly audit   'dom-accessibility-api': [ '0.6.3', '0.5.16' ],
17 silly audit   '@testing-library/react': [ '16.3.0' ],
17 silly audit   '@tybys/wasm-util': [ '0.10.1' ],
17 silly audit   '@types/aria-query': [ '5.0.4' ],
17 silly audit   '@types/babel__core': [ '7.20.5' ],
17 silly audit   '@types/babel__generator': [ '7.27.0' ],
17 silly audit   '@types/babel__template': [ '7.4.4' ],
17 silly audit   '@types/babel__traverse': [ '7.28.0' ],
17 silly audit   '@types/estree': [ '1.0.8' ],
17 silly audit   '@types/hast': [ '3.0.4' ],
17 silly audit   '@types/istanbul-lib-coverage': [ '2.0.6' ],
17 silly audit   '@types/istanbul-lib-report': [ '3.0.3' ],
17 silly audit   '@types/istanbul-reports': [ '3.0.4' ],
17 silly audit   '@types/jsdom': [ '21.1.7' ],
17 silly audit   '@types/json-schema': [ '7.0.15' ],
17 silly audit   '@types/json5': [ '0.0.29' ],
17 silly audit   '@types/node': [ '20.19.17' ],
17 silly audit   '@types/react': [ '19.1.13' ],
17 silly audit   '@types/react-dom': [ '19.1.9' ],
17 silly audit   '@types/stack-utils': [ '2.0.3' ],
17 silly audit   '@types/tough-cookie': [ '4.0.5' ],
17 silly audit   '@types/unist': [ '3.0.3' ],
17 silly audit   '@types/yargs': [ '17.0.33' ],
17 silly audit   '@types/yargs-parser': [ '21.0.3' ],
17 silly audit   '@typescript-eslint/eslint-plugin': [ '8.44.0' ],
17 silly audit   ignore: [ '7.0.5', '5.3.2' ],
17 silly audit   '@typescript-eslint/parser': [ '8.44.0' ],
17 silly audit   '@typescript-eslint/project-service': [ '8.44.0' ],
17 silly audit   '@typescript-eslint/scope-manager': [ '8.44.0' ],
17 silly audit   '@typescript-eslint/tsconfig-utils': [ '8.44.0' ],
17 silly audit   '@typescript-eslint/type-utils': [ '8.44.0' ],
17 silly audit   '@typescript-eslint/types': [ '8.44.0' ],
17 silly audit   '@typescript-eslint/typescript-estree': [ '8.44.0' ],
17 silly audit   'brace-expansion': [ '2.0.2', '1.1.12' ],
17 silly audit   minimatch: [ '9.0.5', '3.1.2' ],
17 silly audit   '@typescript-eslint/utils': [ '8.44.0' ],
17 silly audit   '@typescript-eslint/visitor-keys': [ '8.44.0' ],
17 silly audit   'eslint-visitor-keys': [ '4.2.1', '3.4.3' ],
17 silly audit   '@ungap/structured-clone': [ '1.3.0' ],
17 silly audit   '@unrs/resolver-binding-android-arm-eabi': [ '1.11.1' ],
17 silly audit   '@unrs/resolver-binding-android-arm64': [ '1.11.1' ],
17 silly audit   '@unrs/resolver-binding-darwin-arm64': [ '1.11.1' ],
17 silly audit   '@unrs/resolver-binding-darwin-x64': [ '1.11.1' ],
17 silly audit   '@unrs/resolver-binding-freebsd-x64': [ '1.11.1' ],
17 silly audit   '@unrs/resolver-binding-linux-arm-gnueabihf': [ '1.11.1' ],
17 silly audit   '@unrs/resolver-binding-linux-arm-musleabihf': [ '1.11.1' ],
17 silly audit   '@unrs/resolver-binding-linux-arm64-gnu': [ '1.11.1' ],
17 silly audit   '@unrs/resolver-binding-linux-arm64-musl': [ '1.11.1' ],
17 silly audit   '@unrs/resolver-binding-linux-ppc64-gnu': [ '1.11.1' ],
17 silly audit   '@unrs/resolver-binding-linux-riscv64-gnu': [ '1.11.1' ],
17 silly audit   '@unrs/resolver-binding-linux-riscv64-musl': [ '1.11.1' ],
17 silly audit   '@unrs/resolver-binding-linux-s390x-gnu': [ '1.11.1' ],
17 silly audit   '@unrs/resolver-binding-linux-x64-gnu': [ '1.11.1' ],
17 silly audit   '@unrs/resolver-binding-linux-x64-musl': [ '1.11.1' ],
17 silly audit   '@unrs/resolver-binding-wasm32-wasi': [ '1.11.1' ],
17 silly audit   '@unrs/resolver-binding-win32-arm64-msvc': [ '1.11.1' ],
17 silly audit   '@unrs/resolver-binding-win32-ia32-msvc': [ '1.11.1' ],
17 silly audit   '@unrs/resolver-binding-win32-x64-msvc': [ '1.11.1' ],
17 silly audit   acorn: [ '8.15.0' ],
17 silly audit   'acorn-jsx': [ '5.3.2' ],
17 silly audit   'agent-base': [ '7.1.4' ],
17 silly audit   ajv: [ '6.12.6' ],
17 silly audit   'ansi-escapes': [ '4.3.2' ],
17 silly audit   'ansi-regex': [ '5.0.1', '6.2.2' ],
17 silly audit   'any-promise': [ '1.3.0' ],
17 silly audit   anymatch: [ '3.1.3' ],
17 silly audit   arg: [ '5.0.2' ],
17 silly audit   'aria-query': [ '5.3.0', '5.3.2' ],
17 silly audit   'array-buffer-byte-length': [ '1.0.2' ],
17 silly audit   'array-includes': [ '3.1.9' ],
17 silly audit   'array.prototype.findlast': [ '1.2.5' ],
17 silly audit   'array.prototype.findlastindex': [ '1.2.6' ],
17 silly audit   'array.prototype.flat': [ '1.3.3' ],
17 silly audit   'array.prototype.flatmap': [ '1.3.3' ],
17 silly audit   'array.prototype.tosorted': [ '1.1.4' ],
17 silly audit   'arraybuffer.prototype.slice': [ '1.0.4' ],
17 silly audit   'ast-types-flow': [ '0.0.8' ],
17 silly audit   'async-function': [ '1.0.0' ],
17 silly audit   autoprefixer: [ '10.4.21' ],
17 silly audit   'available-typed-arrays': [ '1.0.7' ],
17 silly audit   'axe-core': [ '4.10.3' ],
17 silly audit   'axobject-query': [ '4.1.0' ],
17 silly audit   'babel-jest': [ '30.1.2' ],
17 silly audit   'babel-plugin-istanbul': [ '7.0.1' ],
17 silly audit   'babel-plugin-jest-hoist': [ '30.0.1' ],
17 silly audit   'babel-preset-current-node-syntax': [ '1.2.0' ],
17 silly audit   'babel-preset-jest': [ '30.0.1' ],
17 silly audit   'balanced-match': [ '1.0.2' ],
17 silly audit   'baseline-browser-mapping': [ '2.8.5' ],
17 silly audit   'binary-extensions': [ '2.3.0' ],
17 silly audit   braces: [ '3.0.3' ],
17 silly audit   browserslist: [ '4.26.2' ],
17 silly audit   bser: [ '2.1.1' ],
17 silly audit   'buffer-from': [ '1.1.2' ],
17 silly audit   'call-bind': [ '1.0.8' ],
17 silly audit   'call-bind-apply-helpers': [ '1.0.2' ],
17 silly audit   'call-bound': [ '1.0.4' ],
17 silly audit   callsites: [ '3.1.0' ],
17 silly audit   camelcase: [ '5.3.1', '6.3.0' ],
17 silly audit   'camelcase-css': [ '2.0.1' ],
17 silly audit   'caniuse-lite': [ '1.0.30001743' ],
17 silly audit   chalk: [ '4.1.2' ],
17 silly audit   'char-regex': [ '1.0.2' ],
17 silly audit   chokidar: [ '3.6.0' ],
17 silly audit   chownr: [ '3.0.0' ],
17 silly audit   'ci-info': [ '4.3.0' ],
17 silly audit   'cjs-module-lexer': [ '2.1.0' ],
17 silly audit   'client-only': [ '0.0.1' ],
17 silly audit   cliui: [ '8.0.1' ],
17 silly audit   'emoji-regex': [ '8.0.0', '9.2.2' ],
17 silly audit   'string-width': [ '4.2.3', '5.1.2' ],
17 silly audit   'strip-ansi': [ '6.0.1', '7.1.2' ],
17 silly audit   'wrap-ansi': [ '7.0.0', '8.1.0' ],
17 silly audit   co: [ '4.6.0' ],
17 silly audit   'collect-v8-coverage': [ '1.0.2' ],
17 silly audit   'color-convert': [ '2.0.1' ],
17 silly audit   'color-name': [ '1.1.4' ],
17 silly audit   commander: [ '4.1.1' ],
17 silly audit   'concat-map': [ '0.0.1' ],
17 silly audit   'convert-source-map': [ '2.0.0' ],
17 silly audit   'cross-spawn': [ '7.0.6' ],
17 silly audit   'css.escape': [ '1.5.1' ],
17 silly audit   cssesc: [ '3.0.0' ],
17 silly audit   cssstyle: [ '4.6.0' ],
17 silly audit   csstype: [ '3.1.3' ],
17 silly audit   'damerau-levenshtein': [ '1.0.8' ],
17 silly audit   'data-urls': [ '5.0.0' ],
17 silly audit   'data-view-buffer': [ '1.0.2' ],
17 silly audit   'data-view-byte-length': [ '1.0.2' ],
17 silly audit   'data-view-byte-offset': [ '1.0.1' ],
17 silly audit   debug: [ '4.4.3', '3.2.7' ],
17 silly audit   'decimal.js': [ '10.6.0' ],
17 silly audit   dedent: [ '1.7.0' ],
17 silly audit   'deep-is': [ '0.1.4' ],
17 silly audit   deepmerge: [ '4.3.1' ],
17 silly audit   'define-data-property': [ '1.1.4' ],
17 silly audit   'define-properties': [ '1.2.1' ],
17 silly audit   dequal: [ '2.0.3' ],
17 silly audit   'detect-libc': [ '2.1.0' ],
17 silly audit   'detect-newline': [ '3.1.0' ],
17 silly audit   didyoumean: [ '1.2.2' ],
17 silly audit   dlv: [ '1.1.3' ],
17 silly audit   doctrine: [ '2.1.0' ],
17 silly audit   'dunder-proto': [ '1.0.1' ],
17 silly audit   eastasianwidth: [ '0.2.0' ],
17 silly audit   'electron-to-chromium': [ '1.5.221' ],
17 silly audit   emittery: [ '0.13.1' ],
17 silly audit   'enhanced-resolve': [ '5.18.3' ],
17 silly audit   entities: [ '6.0.1', '4.5.0' ],
17 silly audit   'error-ex': [ '1.3.4' ],
17 silly audit   'es-abstract': [ '1.24.0' ],
17 silly audit   'es-define-property': [ '1.0.1' ],
17 silly audit   'es-errors': [ '1.3.0' ],
17 silly audit   'es-iterator-helpers': [ '1.2.1' ],
17 silly audit   'es-object-atoms': [ '1.1.1' ],
17 silly audit   'es-set-tostringtag': [ '2.1.0' ],
17 silly audit   'es-shim-unscopables': [ '1.1.0' ],
17 silly audit   'es-to-primitive': [ '1.3.0' ],
17 silly audit   escalade: [ '3.2.0' ],
17 silly audit   'escape-string-regexp': [ '4.0.0', '2.0.0' ],
17 silly audit   eslint: [ '9.35.0' ],
17 silly audit   'eslint-config-next': [ '15.5.2' ],
17 silly audit   'eslint-config-prettier': [ '10.1.8' ],
17 silly audit   'eslint-import-resolver-node': [ '0.3.9' ],
17 silly audit   'eslint-import-resolver-typescript': [ '3.10.1' ],
17 silly audit   'eslint-module-utils': [ '2.12.0', '2.12.1' ],
17 silly audit   'eslint-plugin-boundaries': [ '5.0.1' ],
17 silly audit   'eslint-plugin-import': [ '2.32.0' ],
17 silly audit   'eslint-plugin-jest': [ '29.0.1' ],
17 silly audit   'eslint-plugin-jsx-a11y': [ '6.10.2' ],
17 silly audit   'eslint-plugin-react': [ '7.37.5' ],
17 silly audit   'eslint-plugin-react-hooks': [ '5.2.0' ],
17 silly audit   resolve: [ '2.0.0-next.5', '1.22.10' ],
17 silly audit   'eslint-scope': [ '8.4.0' ],
17 silly audit   espree: [ '10.4.0' ],
17 silly audit   esprima: [ '4.0.1' ],
17 silly audit   esquery: [ '1.6.0' ],
17 silly audit   esrecurse: [ '4.3.0' ],
17 silly audit   estraverse: [ '5.3.0' ],
17 silly audit   esutils: [ '2.0.3' ],
17 silly audit   execa: [ '5.1.1' ],
17 silly audit   'signal-exit': [ '3.0.7', '4.1.0' ],
17 silly audit   'exit-x': [ '0.2.2' ],
17 silly audit   expect: [ '30.1.2' ],
17 silly audit   'fast-deep-equal': [ '3.1.3' ],
17 silly audit   'fast-json-stable-stringify': [ '2.1.0' ],
17 silly audit   'fast-levenshtein': [ '2.0.6' ],
17 silly audit   fastq: [ '1.19.1' ],
17 silly audit   'fb-watchman': [ '2.0.2' ],
17 silly audit   'file-entry-cache': [ '8.0.0' ],
17 silly audit   'fill-range': [ '7.1.1' ],
17 silly audit   'flat-cache': [ '4.0.1' ],
17 silly audit   flatted: [ '3.3.3' ],
17 silly audit   'for-each': [ '0.3.5' ],
17 silly audit   'foreground-child': [ '3.3.1' ],
17 silly audit   'fraction.js': [ '4.3.7' ],
17 silly audit   'fs.realpath': [ '1.0.0' ],
17 silly audit   fsevents: [ '2.3.3' ],
17 silly audit   'function-bind': [ '1.1.2' ],
17 silly audit   'function.prototype.name': [ '1.1.8' ],
17 silly audit   'functions-have-names': [ '1.2.3' ],
17 silly audit   gensync: [ '1.0.0-beta.2' ],
17 silly audit   'get-caller-file': [ '2.0.5' ],
17 silly audit   'get-intrinsic': [ '1.3.0' ],
17 silly audit   'get-package-type': [ '0.1.0' ],
17 silly audit   'get-proto': [ '1.0.1' ],
17 silly audit   'get-stream': [ '6.0.1' ],
17 silly audit   'get-symbol-description': [ '1.1.0' ],
17 silly audit   'get-tsconfig': [ '4.10.1' ],
17 silly audit   glob: [ '10.4.5', '7.2.3' ],
17 silly audit   globals: [ '14.0.0' ],
17 silly audit   globalthis: [ '1.0.4' ],
17 silly audit   gopd: [ '1.2.0' ],
17 silly audit   'graceful-fs': [ '4.2.11' ],
17 silly audit   graphemer: [ '1.4.0' ],
17 silly audit   'has-bigints': [ '1.1.0' ],
17 silly audit   'has-flag': [ '4.0.0' ],
17 silly audit   'has-property-descriptors': [ '1.0.2' ],
17 silly audit   'has-proto': [ '1.2.0' ],
17 silly audit   'has-symbols': [ '1.1.0' ],
17 silly audit   'has-tostringtag': [ '1.0.2' ],
17 silly audit   hasown: [ '2.0.2' ],
17 silly audit   'html-encoding-sniffer': [ '4.0.0' ],
17 silly audit   'html-escaper': [ '2.0.2' ],
17 silly audit   'http-proxy-agent': [ '7.0.2' ],
17 silly audit   'https-proxy-agent': [ '7.0.6' ],
17 silly audit   'human-signals': [ '2.1.0' ],
17 silly audit   'iconv-lite': [ '0.6.3' ],
17 silly audit   'import-fresh': [ '3.3.1' ],
17 silly audit   'import-local': [ '3.2.0' ],
17 silly audit   imurmurhash: [ '0.1.4' ],
17 silly audit   'indent-string': [ '4.0.0' ],
17 silly audit   inflight: [ '1.0.6' ],
17 silly audit   inherits: [ '2.0.4' ],
17 silly audit   'internal-slot': [ '1.1.0' ],
17 silly audit   'is-array-buffer': [ '3.0.5' ],
17 silly audit   'is-arrayish': [ '0.2.1' ],
17 silly audit   'is-async-function': [ '2.1.1' ],
17 silly audit   'is-bigint': [ '1.1.0' ],
17 silly audit   'is-binary-path': [ '2.1.0' ],
17 silly audit   'is-boolean-object': [ '1.2.2' ],
17 silly audit   'is-bun-module': [ '2.0.0' ],
17 silly audit   'is-callable': [ '1.2.7' ],
17 silly audit   'is-core-module': [ '2.16.1' ],
17 silly audit   'is-data-view': [ '1.0.2' ],
17 silly audit   'is-date-object': [ '1.1.0' ],
17 silly audit   'is-extglob': [ '2.1.1' ],
17 silly audit   'is-finalizationregistry': [ '1.1.1' ],
17 silly audit   'is-fullwidth-code-point': [ '3.0.0' ],
17 silly audit   'is-generator-fn': [ '2.1.0' ],
17 silly audit   'is-generator-function': [ '1.1.0' ],
17 silly audit   'is-glob': [ '4.0.3' ],
17 silly audit   'is-map': [ '2.0.3' ],
17 silly audit   'is-negative-zero': [ '2.0.3' ],
17 silly audit   'is-number': [ '7.0.0' ],
17 silly audit   'is-number-object': [ '1.1.1' ],
17 silly audit   'is-potential-custom-element-name': [ '1.0.1' ],
17 silly audit   'is-regex': [ '1.2.1' ],
17 silly audit   'is-set': [ '2.0.3' ],
17 silly audit   'is-shared-array-buffer': [ '1.0.4' ],
17 silly audit   'is-stream': [ '2.0.1' ],
17 silly audit   'is-string': [ '1.1.1' ],
17 silly audit   'is-symbol': [ '1.1.1' ],
17 silly audit   'is-typed-array': [ '1.1.15' ],
17 silly audit   'is-weakmap': [ '2.0.2' ],
17 silly audit   'is-weakref': [ '1.1.1' ],
17 silly audit   'is-weakset': [ '2.0.4' ],
17 silly audit   isarray: [ '2.0.5' ],
17 silly audit   isexe: [ '2.0.0' ],
17 silly audit   'istanbul-lib-coverage': [ '3.2.2' ],
17 silly audit   'istanbul-lib-instrument': [ '6.0.3' ],
17 silly audit   'istanbul-lib-report': [ '3.0.1' ],
17 silly audit   'istanbul-lib-source-maps': [ '5.0.6' ],
17 silly audit   'istanbul-reports': [ '3.2.0' ],
17 silly audit   'iterator.prototype': [ '1.1.5' ],
17 silly audit   jackspeak: [ '3.4.3' ],
17 silly audit   jest: [ '30.1.3' ],
17 silly audit   'jest-changed-files': [ '30.0.5' ],
17 silly audit   'jest-circus': [ '30.1.3' ],
17 silly audit   'jest-cli': [ '30.1.3' ],
17 silly audit   'jest-config': [ '30.1.3' ],
17 silly audit   'jest-diff': [ '30.1.2' ],
17 silly audit   'jest-docblock': [ '30.0.1' ],
17 silly audit   'jest-each': [ '30.1.0' ],
17 silly audit   'jest-environment-jsdom': [ '30.1.2' ],
17 silly audit   'jest-environment-node': [ '30.1.2' ],
17 silly audit   'jest-haste-map': [ '30.1.0' ],
17 silly audit   'jest-junit': [ '16.0.0' ],
17 silly audit   'jest-leak-detector': [ '30.1.0' ],
17 silly audit   'jest-matcher-utils': [ '30.1.2' ],
17 silly audit   'jest-message-util': [ '30.1.0' ],
17 silly audit   'jest-mock': [ '30.0.5' ],
17 silly audit   'jest-pnp-resolver': [ '1.2.3' ],
17 silly audit   'jest-regex-util': [ '30.0.1' ],
17 silly audit   'jest-resolve': [ '30.1.3' ],
17 silly audit   'jest-resolve-dependencies': [ '30.1.3' ],
17 silly audit   'jest-runner': [ '30.1.3' ],
17 silly audit   'jest-runtime': [ '30.1.3' ],
17 silly audit   'jest-snapshot': [ '30.1.2' ],
17 silly audit   'jest-util': [ '30.0.5' ],
17 silly audit   picomatch: [ '4.0.3', '2.3.1' ],
17 silly audit   'jest-validate': [ '30.1.0' ],
17 silly audit   'jest-watcher': [ '30.1.3' ],
17 silly audit   'jest-worker': [ '30.1.0' ],
17 silly audit   'supports-color': [ '8.1.1', '7.2.0' ],
17 silly audit   jiti: [ '2.5.1', '1.21.7' ],
17 silly audit   'js-tokens': [ '4.0.0' ],
17 silly audit   jsdom: [ '26.1.0' ],
17 silly audit   jsesc: [ '3.1.0' ],
17 silly audit   'json-buffer': [ '3.0.1' ],
17 silly audit   'json-parse-even-better-errors': [ '2.3.1' ],
17 silly audit   'json-schema-traverse': [ '0.4.1' ],
17 silly audit   'json-stable-stringify-without-jsonify': [ '1.0.1' ],
17 silly audit   json5: [ '2.2.3', '1.0.2' ],
17 silly audit   'jsx-ast-utils': [ '3.3.5' ],
17 silly audit   keyv: [ '4.5.4' ],
17 silly audit   'language-subtag-registry': [ '0.3.23' ],
17 silly audit   'language-tags': [ '1.0.9' ],
17 silly audit   leven: [ '3.1.0' ],
17 silly audit   levn: [ '0.4.1' ],
17 silly audit   lightningcss: [ '1.30.1' ],
17 silly audit   'lightningcss-darwin-arm64': [ '1.30.1' ],
17 silly audit   'lightningcss-darwin-x64': [ '1.30.1' ],
17 silly audit   'lightningcss-freebsd-x64': [ '1.30.1' ],
17 silly audit   'lightningcss-linux-arm-gnueabihf': [ '1.30.1' ],
17 silly audit   'lightningcss-linux-arm64-gnu': [ '1.30.1' ],
17 silly audit   'lightningcss-linux-arm64-musl': [ '1.30.1' ],
17 silly audit   'lightningcss-linux-x64-gnu': [ '1.30.1' ],
17 silly audit   'lightningcss-linux-x64-musl': [ '1.30.1' ],
17 silly audit   'lightningcss-win32-arm64-msvc': [ '1.30.1' ],
17 silly audit   'lightningcss-win32-x64-msvc': [ '1.30.1' ],
17 silly audit   lilconfig: [ '3.1.3' ],
17 silly audit   'lines-and-columns': [ '1.2.4' ],
17 silly audit   'linkify-it': [ '5.0.0' ],
17 silly audit   'lodash.merge': [ '4.6.2' ],
17 silly audit   'loose-envify': [ '1.4.0' ],
17 silly audit   lunr: [ '2.3.9' ],
17 silly audit   'lz-string': [ '1.5.0' ],
17 silly audit   'magic-string': [ '0.30.19' ],
17 silly audit   'make-dir': [ '4.0.0' ],
17 silly audit   makeerror: [ '1.0.12' ],
17 silly audit   'markdown-it': [ '14.1.0' ],
17 silly audit   'math-intrinsics': [ '1.1.0' ],
17 silly audit   mdurl: [ '2.0.0' ],
17 silly audit   'merge-stream': [ '2.0.0' ],
17 silly audit   merge2: [ '1.4.1' ],
17 silly audit   micromatch: [ '4.0.8' ],
17 silly audit   'mimic-fn': [ '2.1.0' ],
17 silly audit   'min-indent': [ '1.0.1' ],
17 silly audit   minimist: [ '1.2.8' ],
17 silly audit   minipass: [ '7.1.2' ],
17 silly audit   minizlib: [ '3.0.2' ],
17 silly audit   mkdirp: [ '1.0.4', '3.0.1' ],
17 silly audit   ms: [ '2.1.3' ],
17 silly audit   mz: [ '2.7.0' ],
17 silly audit   nanoid: [ '3.3.11' ],
17 silly audit   'napi-postinstall': [ '0.3.3' ],
17 silly audit   'natural-compare': [ '1.4.0' ],
17 silly audit   next: [ '15.5.2' ],
17 silly audit   postcss: [ '8.4.31', '8.5.6' ],
17 silly audit   'node-int64': [ '0.4.0' ],
17 silly audit   'node-releases': [ '2.0.21' ],
17 silly audit   'normalize-path': [ '3.0.0' ],
17 silly audit   'normalize-range': [ '0.1.2' ],
17 silly audit   'npm-run-path': [ '4.0.1' ],
17 silly audit   nwsapi: [ '2.2.22' ],
17 silly audit   'object-assign': [ '4.1.1' ],
17 silly audit   'object-hash': [ '3.0.0' ],
17 silly audit   'object-inspect': [ '1.13.4' ],
17 silly audit   'object-keys': [ '1.1.1' ],
17 silly audit   'object.assign': [ '4.1.7' ],
17 silly audit   'object.entries': [ '1.1.9' ],
17 silly audit   'object.fromentries': [ '2.0.8' ],
17 silly audit   'object.groupby': [ '1.0.3' ],
17 silly audit   'object.values': [ '1.2.1' ],
17 silly audit   once: [ '1.4.0' ],
17 silly audit   onetime: [ '5.1.2' ],
17 silly audit   optionator: [ '0.9.4' ],
17 silly audit   'own-keys': [ '1.0.1' ],
17 silly audit   'p-try': [ '2.2.0' ],
17 silly audit   'package-json-from-dist': [ '1.0.1' ],
17 silly audit   'parent-module': [ '1.0.1' ],
17 silly audit   'parse-json': [ '5.2.0' ],
17 silly audit   parse5: [ '7.3.0' ],
17 silly audit   'path-exists': [ '4.0.0' ],
17 silly audit   'path-is-absolute': [ '1.0.1' ],
17 silly audit   'path-key': [ '3.1.1' ],
17 silly audit   'path-parse': [ '1.0.7' ],
17 silly audit   'path-scurry': [ '1.11.1' ],
17 silly audit   picocolors: [ '1.1.1' ],
17 silly audit   pify: [ '2.3.0' ],
17 silly audit   pirates: [ '4.0.7' ],
17 silly audit   'pkg-dir': [ '4.2.0' ],
17 silly audit   'possible-typed-array-names': [ '1.1.0' ],
17 silly audit   'postcss-import': [ '15.1.0' ],
17 silly audit   'postcss-js': [ '4.1.0' ],
17 silly audit   'postcss-nested': [ '6.2.0' ],
17 silly audit   'postcss-selector-parser': [ '6.1.2' ],
17 silly audit   'postcss-value-parser': [ '4.2.0' ],
17 silly audit   'prelude-ls': [ '1.2.1' ],
17 silly audit   prettier: [ '3.6.2' ],
17 silly audit   'prop-types': [ '15.8.1' ],
17 silly audit   punycode: [ '2.3.1' ],
17 silly audit   'punycode.js': [ '2.3.1' ],
17 silly audit   'pure-rand': [ '7.0.1' ],
17 silly audit   'queue-microtask': [ '1.2.3' ],
17 silly audit   react: [ '19.1.0' ],
17 silly audit   'react-dom': [ '19.1.0' ],
17 silly audit   'read-cache': [ '1.0.0' ],
17 silly audit   readdirp: [ '3.6.0' ],
17 silly audit   redent: [ '3.0.0' ],
17 silly audit   'reflect.getprototypeof': [ '1.0.10' ],
17 silly audit   'regexp.prototype.flags': [ '1.5.4' ],
17 silly audit   'require-directory': [ '2.1.1' ],
17 silly audit   'resolve-cwd': [ '3.0.0' ],
17 silly audit   'resolve-pkg-maps': [ '1.0.0' ],
17 silly audit   reusify: [ '1.1.0' ],
17 silly audit   'rrweb-cssom': [ '0.8.0' ],
17 silly audit   'run-parallel': [ '1.2.0' ],
17 silly audit   'safe-array-concat': [ '1.1.3' ],
17 silly audit   'safe-push-apply': [ '1.0.0' ],
17 silly audit   'safe-regex-test': [ '1.1.0' ],
17 silly audit   'safer-buffer': [ '2.1.2' ],
17 silly audit   saxes: [ '6.0.0' ],
17 silly audit   scheduler: [ '0.26.0' ],
17 silly audit   'set-function-length': [ '1.2.2' ],
17 silly audit   'set-function-name': [ '2.0.2' ],
17 silly audit   'set-proto': [ '1.0.0' ],
17 silly audit   sharp: [ '0.34.4' ],
17 silly audit   'shebang-command': [ '2.0.0' ],
17 silly audit   'shebang-regex': [ '3.0.0' ],
17 silly audit   'side-channel': [ '1.1.0' ],
17 silly audit   'side-channel-list': [ '1.0.0' ],
17 silly audit   'side-channel-map': [ '1.0.1' ],
17 silly audit   'side-channel-weakmap': [ '1.0.2' ],
17 silly audit   slash: [ '3.0.0' ],
17 silly audit   'source-map': [ '0.6.1' ],
17 silly audit   'source-map-js': [ '1.2.1' ],
17 silly audit   'source-map-support': [ '0.5.13' ],
17 silly audit   'sprintf-js': [ '1.0.3' ],
17 silly audit   'stable-hash': [ '0.0.5' ],
17 silly audit   'stack-utils': [ '2.0.6' ],
17 silly audit   'stop-iteration-iterator': [ '1.1.0' ],
17 silly audit   'string-length': [ '4.0.2' ],
17 silly audit   'string.prototype.includes': [ '2.0.1' ],
17 silly audit   'string.prototype.matchall': [ '4.0.12' ],
17 silly audit   'string.prototype.repeat': [ '1.0.0' ],
17 silly audit   'string.prototype.trim': [ '1.2.10' ],
17 silly audit   'string.prototype.trimend': [ '1.0.9' ],
17 silly audit   'string.prototype.trimstart': [ '1.0.8' ],
17 silly audit   'strip-bom': [ '4.0.0', '3.0.0' ],
17 silly audit   'strip-final-newline': [ '2.0.0' ],
17 silly audit   'strip-indent': [ '3.0.0' ],
17 silly audit   'strip-json-comments': [ '3.1.1' ],
17 silly audit   'styled-jsx': [ '5.1.6' ],
17 silly audit   sucrase: [ '3.35.0' ],
17 silly audit   'supports-preserve-symlinks-flag': [ '1.0.0' ],
17 silly audit   'symbol-tree': [ '3.2.4' ],
17 silly audit   synckit: [ '0.11.11' ],
17 silly audit   'postcss-load-config': [ '4.0.2' ],
17 silly audit   tapable: [ '2.2.3' ],
17 silly audit   tar: [ '7.4.3' ],
17 silly audit   yallist: [ '5.0.0', '3.1.1' ],
17 silly audit   'test-exclude': [ '6.0.0' ],
17 silly audit   thenify: [ '3.3.1' ],
17 silly audit   'thenify-all': [ '1.6.0' ],
17 silly audit   tinyglobby: [ '0.2.15' ],
17 silly audit   fdir: [ '6.5.0' ],
17 silly audit   tldts: [ '6.1.86' ],
17 silly audit   'tldts-core': [ '6.1.86' ],
17 silly audit   tmpl: [ '1.0.5' ],
17 silly audit   'to-regex-range': [ '5.0.1' ],
17 silly audit   'tough-cookie': [ '5.1.2' ],
17 silly audit   tr46: [ '5.1.1' ],
17 silly audit   'ts-api-utils': [ '2.1.0' ],
17 silly audit   'ts-interface-checker': [ '0.1.13' ],
17 silly audit   'tsconfig-paths': [ '3.15.0' ],
17 silly audit   tslib: [ '2.8.1' ],
17 silly audit   'type-check': [ '0.4.0' ],
17 silly audit   'type-detect': [ '4.0.8' ],
17 silly audit   'type-fest': [ '0.21.3' ],
17 silly audit   'typed-array-buffer': [ '1.0.3' ],
17 silly audit   'typed-array-byte-length': [ '1.0.3' ],
17 silly audit   'typed-array-byte-offset': [ '1.0.4' ],
17 silly audit   'typed-array-length': [ '1.0.7' ],
17 silly audit   typedoc: [ '0.28.13' ],
17 silly audit   typescript: [ '5.9.2' ],
17 silly audit   'uc.micro': [ '2.1.0' ],
17 silly audit   'unbox-primitive': [ '1.1.0' ],
17 silly audit   'undici-types': [ '6.21.0' ],
17 silly audit   'unrs-resolver': [ '1.11.1' ],
17 silly audit   'update-browserslist-db': [ '1.1.3' ],
17 silly audit   'uri-js': [ '4.4.1' ],
17 silly audit   'util-deprecate': [ '1.0.2' ],
17 silly audit   uuid: [ '8.3.2' ],
17 silly audit   'v8-to-istanbul': [ '9.3.0' ],
17 silly audit   'w3c-xmlserializer': [ '5.0.0' ],
17 silly audit   walker: [ '1.0.8' ],
17 silly audit   'webidl-conversions': [ '7.0.0' ],
17 silly audit   'whatwg-encoding': [ '3.1.1' ],
17 silly audit   'whatwg-mimetype': [ '4.0.0' ],
17 silly audit   'whatwg-url': [ '14.2.0' ],
17 silly audit   which: [ '2.0.2' ],
17 silly audit   'which-boxed-primitive': [ '1.1.1' ],
17 silly audit   'which-builtin-type': [ '1.2.1' ],
17 silly audit   'which-collection': [ '1.0.2' ],
17 silly audit   'which-typed-array': [ '1.1.19' ],
17 silly audit   'word-wrap': [ '1.2.5' ],
17 silly audit   wrappy: [ '1.0.2' ],
17 silly audit   'write-file-atomic': [ '5.0.1' ],
17 silly audit   ws: [ '8.18.3' ],
17 silly audit   xml: [ '1.0.1' ],
17 silly audit   'xml-name-validator': [ '5.0.0' ],
17 silly audit   xmlchars: [ '2.2.0' ],
17 silly audit   y18n: [ '5.0.8' ],
17 silly audit   yaml: [ '2.8.1' ],
17 silly audit   yargs: [ '17.7.2' ],
17 silly audit   'yargs-parser': [ '21.1.1' ],
17 silly audit   'yocto-queue': [ '0.1.0' ],
17 silly audit   '@tailwindcss/oxide-wasm32-wasi': [ '4.1.13' ]
17 silly audit }
18 verbose reify failed optional dependency /builds/zenet/web/web-frontend/node_modules/lightningcss-win32-x64-msvc
19 silly reify mark deleted [
19 silly reify   '/builds/zenet/web/web-frontend/node_modules/lightningcss-win32-x64-msvc'
19 silly reify ]
20 verbose reify failed optional dependency /builds/zenet/web/web-frontend/node_modules/lightningcss-win32-arm64-msvc
21 silly reify mark deleted [
21 silly reify   '/builds/zenet/web/web-frontend/node_modules/lightningcss-win32-arm64-msvc'
21 silly reify ]
22 verbose reify failed optional dependency /builds/zenet/web/web-frontend/node_modules/lightningcss-linux-arm64-musl
23 silly reify mark deleted [
23 silly reify   '/builds/zenet/web/web-frontend/node_modules/lightningcss-linux-arm64-musl'
23 silly reify ]
24 verbose reify failed optional dependency /builds/zenet/web/web-frontend/node_modules/lightningcss-linux-arm64-gnu
25 silly reify mark deleted [
25 silly reify   '/builds/zenet/web/web-frontend/node_modules/lightningcss-linux-arm64-gnu'
25 silly reify ]
26 verbose reify failed optional dependency /builds/zenet/web/web-frontend/node_modules/lightningcss-linux-arm-gnueabihf
27 silly reify mark deleted [
27 silly reify   '/builds/zenet/web/web-frontend/node_modules/lightningcss-linux-arm-gnueabihf'
27 silly reify ]
28 verbose reify failed optional dependency /builds/zenet/web/web-frontend/node_modules/lightningcss-freebsd-x64
29 silly reify mark deleted [
29 silly reify   '/builds/zenet/web/web-frontend/node_modules/lightningcss-freebsd-x64'
29 silly reify ]
30 verbose reify failed optional dependency /builds/zenet/web/web-frontend/node_modules/lightningcss-darwin-x64
31 silly reify mark deleted [
31 silly reify   '/builds/zenet/web/web-frontend/node_modules/lightningcss-darwin-x64'
31 silly reify ]
32 verbose reify failed optional dependency /builds/zenet/web/web-frontend/node_modules/lightningcss-darwin-arm64
33 silly reify mark deleted [
33 silly reify   '/builds/zenet/web/web-frontend/node_modules/lightningcss-darwin-arm64'
33 silly reify ]
34 verbose reify failed optional dependency /builds/zenet/web/web-frontend/node_modules/fsevents
35 silly reify mark deleted [ '/builds/zenet/web/web-frontend/node_modules/fsevents' ]
36 verbose reify failed optional dependency /builds/zenet/web/web-frontend/node_modules/@unrs/resolver-binding-win32-x64-msvc
37 silly reify mark deleted [
37 silly reify   '/builds/zenet/web/web-frontend/node_modules/@unrs/resolver-binding-win32-x64-msvc'
37 silly reify ]
38 verbose reify failed optional dependency /builds/zenet/web/web-frontend/node_modules/@unrs/resolver-binding-win32-ia32-msvc
39 silly reify mark deleted [
39 silly reify   '/builds/zenet/web/web-frontend/node_modules/@unrs/resolver-binding-win32-ia32-msvc'
39 silly reify ]
40 verbose reify failed optional dependency /builds/zenet/web/web-frontend/node_modules/@unrs/resolver-binding-win32-arm64-msvc
41 silly reify mark deleted [
41 silly reify   '/builds/zenet/web/web-frontend/node_modules/@unrs/resolver-binding-win32-arm64-msvc'
41 silly reify ]
42 verbose reify failed optional dependency /builds/zenet/web/web-frontend/node_modules/@unrs/resolver-binding-wasm32-wasi
43 silly reify mark deleted [
43 silly reify   '/builds/zenet/web/web-frontend/node_modules/@unrs/resolver-binding-wasm32-wasi'
43 silly reify ]
44 verbose reify failed optional dependency /builds/zenet/web/web-frontend/node_modules/@unrs/resolver-binding-linux-s390x-gnu
45 silly reify mark deleted [
45 silly reify   '/builds/zenet/web/web-frontend/node_modules/@unrs/resolver-binding-linux-s390x-gnu'
45 silly reify ]
46 verbose reify failed optional dependency /builds/zenet/web/web-frontend/node_modules/@unrs/resolver-binding-linux-riscv64-musl
47 silly reify mark deleted [
47 silly reify   '/builds/zenet/web/web-frontend/node_modules/@unrs/resolver-binding-linux-riscv64-musl'
47 silly reify ]
48 verbose reify failed optional dependency /builds/zenet/web/web-frontend/node_modules/@unrs/resolver-binding-linux-riscv64-gnu
49 silly reify mark deleted [
49 silly reify   '/builds/zenet/web/web-frontend/node_modules/@unrs/resolver-binding-linux-riscv64-gnu'
49 silly reify ]
50 verbose reify failed optional dependency /builds/zenet/web/web-frontend/node_modules/@unrs/resolver-binding-linux-ppc64-gnu
51 silly reify mark deleted [
51 silly reify   '/builds/zenet/web/web-frontend/node_modules/@unrs/resolver-binding-linux-ppc64-gnu'
51 silly reify ]
52 verbose reify failed optional dependency /builds/zenet/web/web-frontend/node_modules/@unrs/resolver-binding-linux-arm64-musl
53 silly reify mark deleted [
53 silly reify   '/builds/zenet/web/web-frontend/node_modules/@unrs/resolver-binding-linux-arm64-musl'
53 silly reify ]
54 verbose reify failed optional dependency /builds/zenet/web/web-frontend/node_modules/@unrs/resolver-binding-linux-arm64-gnu
55 silly reify mark deleted [
55 silly reify   '/builds/zenet/web/web-frontend/node_modules/@unrs/resolver-binding-linux-arm64-gnu'
55 silly reify ]
56 verbose reify failed optional dependency /builds/zenet/web/web-frontend/node_modules/@unrs/resolver-binding-linux-arm-musleabihf
57 silly reify mark deleted [
57 silly reify   '/builds/zenet/web/web-frontend/node_modules/@unrs/resolver-binding-linux-arm-musleabihf'
57 silly reify ]
58 verbose reify failed optional dependency /builds/zenet/web/web-frontend/node_modules/@unrs/resolver-binding-linux-arm-gnueabihf
59 silly reify mark deleted [
59 silly reify   '/builds/zenet/web/web-frontend/node_modules/@unrs/resolver-binding-linux-arm-gnueabihf'
59 silly reify ]
60 verbose reify failed optional dependency /builds/zenet/web/web-frontend/node_modules/@unrs/resolver-binding-freebsd-x64
61 silly reify mark deleted [
61 silly reify   '/builds/zenet/web/web-frontend/node_modules/@unrs/resolver-binding-freebsd-x64'
61 silly reify ]
62 verbose reify failed optional dependency /builds/zenet/web/web-frontend/node_modules/@unrs/resolver-binding-darwin-x64
63 silly reify mark deleted [
63 silly reify   '/builds/zenet/web/web-frontend/node_modules/@unrs/resolver-binding-darwin-x64'
63 silly reify ]
64 verbose reify failed optional dependency /builds/zenet/web/web-frontend/node_modules/@unrs/resolver-binding-darwin-arm64
65 silly reify mark deleted [
65 silly reify   '/builds/zenet/web/web-frontend/node_modules/@unrs/resolver-binding-darwin-arm64'
65 silly reify ]
66 verbose reify failed optional dependency /builds/zenet/web/web-frontend/node_modules/@unrs/resolver-binding-android-arm64
67 silly reify mark deleted [
67 silly reify   '/builds/zenet/web/web-frontend/node_modules/@unrs/resolver-binding-android-arm64'
67 silly reify ]
68 verbose reify failed optional dependency /builds/zenet/web/web-frontend/node_modules/@unrs/resolver-binding-android-arm-eabi
69 silly reify mark deleted [
69 silly reify   '/builds/zenet/web/web-frontend/node_modules/@unrs/resolver-binding-android-arm-eabi'
69 silly reify ]
70 verbose reify failed optional dependency /builds/zenet/web/web-frontend/node_modules/@tailwindcss/oxide-win32-x64-msvc
71 silly reify mark deleted [
71 silly reify   '/builds/zenet/web/web-frontend/node_modules/@tailwindcss/oxide-win32-x64-msvc'
71 silly reify ]
72 verbose reify failed optional dependency /builds/zenet/web/web-frontend/node_modules/@tailwindcss/oxide-win32-arm64-msvc
73 silly reify mark deleted [
73 silly reify   '/builds/zenet/web/web-frontend/node_modules/@tailwindcss/oxide-win32-arm64-msvc'
73 silly reify ]
74 verbose reify failed optional dependency /builds/zenet/web/web-frontend/node_modules/@tailwindcss/oxide-linux-arm64-musl
75 silly reify mark deleted [
75 silly reify   '/builds/zenet/web/web-frontend/node_modules/@tailwindcss/oxide-linux-arm64-musl'
75 silly reify ]
76 verbose reify failed optional dependency /builds/zenet/web/web-frontend/node_modules/@tailwindcss/oxide-linux-arm64-gnu
77 silly reify mark deleted [
77 silly reify   '/builds/zenet/web/web-frontend/node_modules/@tailwindcss/oxide-linux-arm64-gnu'
77 silly reify ]
78 verbose reify failed optional dependency /builds/zenet/web/web-frontend/node_modules/@tailwindcss/oxide-linux-arm-gnueabihf
79 silly reify mark deleted [
79 silly reify   '/builds/zenet/web/web-frontend/node_modules/@tailwindcss/oxide-linux-arm-gnueabihf'
79 silly reify ]
80 verbose reify failed optional dependency /builds/zenet/web/web-frontend/node_modules/@tailwindcss/oxide-freebsd-x64
81 silly reify mark deleted [
81 silly reify   '/builds/zenet/web/web-frontend/node_modules/@tailwindcss/oxide-freebsd-x64'
81 silly reify ]
82 verbose reify failed optional dependency /builds/zenet/web/web-frontend/node_modules/@tailwindcss/oxide-darwin-x64
83 silly reify mark deleted [
83 silly reify   '/builds/zenet/web/web-frontend/node_modules/@tailwindcss/oxide-darwin-x64'
83 silly reify ]
84 verbose reify failed optional dependency /builds/zenet/web/web-frontend/node_modules/@tailwindcss/oxide-darwin-arm64
85 silly reify mark deleted [
85 silly reify   '/builds/zenet/web/web-frontend/node_modules/@tailwindcss/oxide-darwin-arm64'
85 silly reify ]
86 verbose reify failed optional dependency /builds/zenet/web/web-frontend/node_modules/@tailwindcss/oxide-android-arm64
87 silly reify mark deleted [
87 silly reify   '/builds/zenet/web/web-frontend/node_modules/@tailwindcss/oxide-android-arm64'
87 silly reify ]
88 verbose reify failed optional dependency /builds/zenet/web/web-frontend/node_modules/@next/swc-win32-x64-msvc
89 silly reify mark deleted [
89 silly reify   '/builds/zenet/web/web-frontend/node_modules/@next/swc-win32-x64-msvc'
89 silly reify ]
90 verbose reify failed optional dependency /builds/zenet/web/web-frontend/node_modules/@next/swc-win32-arm64-msvc
91 silly reify mark deleted [
91 silly reify   '/builds/zenet/web/web-frontend/node_modules/@next/swc-win32-arm64-msvc'
91 silly reify ]
92 verbose reify failed optional dependency /builds/zenet/web/web-frontend/node_modules/@next/swc-linux-arm64-musl
93 silly reify mark deleted [
93 silly reify   '/builds/zenet/web/web-frontend/node_modules/@next/swc-linux-arm64-musl'
93 silly reify ]
94 verbose reify failed optional dependency /builds/zenet/web/web-frontend/node_modules/@next/swc-linux-arm64-gnu
95 silly reify mark deleted [
95 silly reify   '/builds/zenet/web/web-frontend/node_modules/@next/swc-linux-arm64-gnu'
95 silly reify ]
96 verbose reify failed optional dependency /builds/zenet/web/web-frontend/node_modules/@next/swc-darwin-x64
97 silly reify mark deleted [ '/builds/zenet/web/web-frontend/node_modules/@next/swc-darwin-x64' ]
98 verbose reify failed optional dependency /builds/zenet/web/web-frontend/node_modules/@next/swc-darwin-arm64
99 silly reify mark deleted [
99 silly reify   '/builds/zenet/web/web-frontend/node_modules/@next/swc-darwin-arm64'
99 silly reify ]
100 verbose reify failed optional dependency /builds/zenet/web/web-frontend/node_modules/@img/sharp-win32-x64
101 silly reify mark deleted [ '/builds/zenet/web/web-frontend/node_modules/@img/sharp-win32-x64' ]
102 verbose reify failed optional dependency /builds/zenet/web/web-frontend/node_modules/@img/sharp-win32-ia32
103 silly reify mark deleted [ '/builds/zenet/web/web-frontend/node_modules/@img/sharp-win32-ia32' ]
104 verbose reify failed optional dependency /builds/zenet/web/web-frontend/node_modules/@img/sharp-win32-arm64
105 silly reify mark deleted [
105 silly reify   '/builds/zenet/web/web-frontend/node_modules/@img/sharp-win32-arm64'
105 silly reify ]
106 verbose reify failed optional dependency /builds/zenet/web/web-frontend/node_modules/@img/sharp-wasm32
107 silly reify mark deleted [ '/builds/zenet/web/web-frontend/node_modules/@img/sharp-wasm32' ]
108 verbose reify failed optional dependency /builds/zenet/web/web-frontend/node_modules/@img/sharp-linuxmusl-arm64
109 silly reify mark deleted [
109 silly reify   '/builds/zenet/web/web-frontend/node_modules/@img/sharp-linuxmusl-arm64'
109 silly reify ]
110 verbose reify failed optional dependency /builds/zenet/web/web-frontend/node_modules/@img/sharp-linux-s390x
111 silly reify mark deleted [
111 silly reify   '/builds/zenet/web/web-frontend/node_modules/@img/sharp-linux-s390x'
111 silly reify ]
112 verbose reify failed optional dependency /builds/zenet/web/web-frontend/node_modules/@img/sharp-linux-ppc64
113 silly reify mark deleted [
113 silly reify   '/builds/zenet/web/web-frontend/node_modules/@img/sharp-linux-ppc64'
113 silly reify ]
114 verbose reify failed optional dependency /builds/zenet/web/web-frontend/node_modules/@img/sharp-linux-arm64
115 silly reify mark deleted [
115 silly reify   '/builds/zenet/web/web-frontend/node_modules/@img/sharp-linux-arm64'
115 silly reify ]
116 verbose reify failed optional dependency /builds/zenet/web/web-frontend/node_modules/@img/sharp-linux-arm
117 silly reify mark deleted [ '/builds/zenet/web/web-frontend/node_modules/@img/sharp-linux-arm' ]
118 verbose reify failed optional dependency /builds/zenet/web/web-frontend/node_modules/@img/sharp-libvips-linuxmusl-arm64
119 silly reify mark deleted [
119 silly reify   '/builds/zenet/web/web-frontend/node_modules/@img/sharp-libvips-linuxmusl-arm64'
119 silly reify ]
120 verbose reify failed optional dependency /builds/zenet/web/web-frontend/node_modules/@img/sharp-libvips-linux-s390x
121 silly reify mark deleted [
121 silly reify   '/builds/zenet/web/web-frontend/node_modules/@img/sharp-libvips-linux-s390x'
121 silly reify ]
122 verbose reify failed optional dependency /builds/zenet/web/web-frontend/node_modules/@img/sharp-libvips-linux-ppc64
123 silly reify mark deleted [
123 silly reify   '/builds/zenet/web/web-frontend/node_modules/@img/sharp-libvips-linux-ppc64'
123 silly reify ]
124 verbose reify failed optional dependency /builds/zenet/web/web-frontend/node_modules/@img/sharp-libvips-linux-arm64
125 silly reify mark deleted [
125 silly reify   '/builds/zenet/web/web-frontend/node_modules/@img/sharp-libvips-linux-arm64'
125 silly reify ]
126 verbose reify failed optional dependency /builds/zenet/web/web-frontend/node_modules/@img/sharp-libvips-linux-arm
127 silly reify mark deleted [
127 silly reify   '/builds/zenet/web/web-frontend/node_modules/@img/sharp-libvips-linux-arm'
127 silly reify ]
128 verbose reify failed optional dependency /builds/zenet/web/web-frontend/node_modules/@img/sharp-libvips-darwin-x64
129 silly reify mark deleted [
129 silly reify   '/builds/zenet/web/web-frontend/node_modules/@img/sharp-libvips-darwin-x64'
129 silly reify ]
130 verbose reify failed optional dependency /builds/zenet/web/web-frontend/node_modules/@img/sharp-libvips-darwin-arm64
131 silly reify mark deleted [
131 silly reify   '/builds/zenet/web/web-frontend/node_modules/@img/sharp-libvips-darwin-arm64'
131 silly reify ]
132 verbose reify failed optional dependency /builds/zenet/web/web-frontend/node_modules/@img/sharp-darwin-x64
133 silly reify mark deleted [ '/builds/zenet/web/web-frontend/node_modules/@img/sharp-darwin-x64' ]
134 verbose reify failed optional dependency /builds/zenet/web/web-frontend/node_modules/@img/sharp-darwin-arm64
135 silly reify mark deleted [
135 silly reify   '/builds/zenet/web/web-frontend/node_modules/@img/sharp-darwin-arm64'
135 silly reify ]
136 http fetch POST 200 https://registry.npmjs.org/-/npm/v1/security/advisories/bulk 9623ms
137 silly audit report {}
138 warn deprecated inflight@1.0.6: This module is not supported, and leaks memory. Do not use it. Check out lru-cache if you want a good and tested way to coalesce async requests by a key value, which is much more comprehensive and powerful.
139 warn deprecated glob@7.2.3: Glob versions prior to v9 are no longer supported
140 info run sharp@0.34.4 install node_modules/sharp node install/check.js
141 info run sharp@0.34.4 install { code: 0, signal: null }
142 info run @tailwindcss/oxide@4.1.13 postinstall node_modules/@tailwindcss/oxide node ./scripts/install.js
143 info run unrs-resolver@1.11.1 postinstall node_modules/unrs-resolver napi-postinstall unrs-resolver 1.11.1 check
144 info run unrs-resolver@1.11.1 postinstall { code: 0, signal: null }
145 info run @tailwindcss/oxide@4.1.13 postinstall { code: 0, signal: null }
146 silly ADD node_modules/yocto-queue
147 silly ADD node_modules/yargs-parser
148 silly ADD node_modules/yargs
149 silly ADD node_modules/yargs/node_modules/strip-ansi
150 silly ADD node_modules/yargs/node_modules/string-width
151 silly ADD node_modules/yargs/node_modules/emoji-regex
152 silly ADD node_modules/yaml
153 silly ADD node_modules/yallist
154 silly ADD node_modules/y18n
155 silly ADD node_modules/xmlchars
156 silly ADD node_modules/xml-name-validator
157 silly ADD node_modules/xml
158 silly ADD node_modules/ws
159 silly ADD node_modules/write-file-atomic
160 silly ADD node_modules/wrappy
161 silly ADD node_modules/wrap-ansi-cjs
162 silly ADD node_modules/wrap-ansi-cjs/node_modules/strip-ansi
163 silly ADD node_modules/wrap-ansi-cjs/node_modules/string-width
164 silly ADD node_modules/wrap-ansi-cjs/node_modules/emoji-regex
165 silly ADD node_modules/wrap-ansi
166 silly ADD node_modules/wrap-ansi/node_modules/ansi-styles
167 silly ADD node_modules/word-wrap
168 silly ADD node_modules/which-typed-array
169 silly ADD node_modules/which-collection
170 silly ADD node_modules/which-builtin-type
171 silly ADD node_modules/which-boxed-primitive
172 silly ADD node_modules/which
173 silly ADD node_modules/whatwg-url
174 silly ADD node_modules/whatwg-mimetype
175 silly ADD node_modules/whatwg-encoding
176 silly ADD node_modules/webidl-conversions
177 silly ADD node_modules/walker
178 silly ADD node_modules/w3c-xmlserializer
179 silly ADD node_modules/v8-to-istanbul
180 silly ADD node_modules/uuid
181 silly ADD node_modules/util-deprecate
182 silly ADD node_modules/uri-js
183 silly ADD node_modules/update-browserslist-db
184 silly ADD node_modules/unrs-resolver
185 silly ADD node_modules/undici-types
186 silly ADD node_modules/unbox-primitive
187 silly ADD node_modules/uc.micro
188 silly ADD node_modules/typescript
189 silly ADD node_modules/typedoc
190 silly ADD node_modules/typedoc/node_modules/minimatch
191 silly ADD node_modules/typedoc/node_modules/brace-expansion
192 silly ADD node_modules/typed-array-length
193 silly ADD node_modules/typed-array-byte-offset
194 silly ADD node_modules/typed-array-byte-length
195 silly ADD node_modules/typed-array-buffer
196 silly ADD node_modules/type-fest
197 silly ADD node_modules/type-detect
198 silly ADD node_modules/type-check
199 silly ADD node_modules/tslib
200 silly ADD node_modules/tsconfig-paths
201 silly ADD node_modules/tsconfig-paths/node_modules/strip-bom
202 silly ADD node_modules/tsconfig-paths/node_modules/json5
203 silly ADD node_modules/ts-interface-checker
204 silly ADD node_modules/ts-api-utils
205 silly ADD node_modules/tr46
206 silly ADD node_modules/tough-cookie
207 silly ADD node_modules/to-regex-range
208 silly ADD node_modules/tmpl
209 silly ADD node_modules/tldts-core
210 silly ADD node_modules/tldts
211 silly ADD node_modules/tinyglobby
212 silly ADD node_modules/tinyglobby/node_modules/picomatch
213 silly ADD node_modules/tinyglobby/node_modules/fdir
214 silly ADD node_modules/thenify-all
215 silly ADD node_modules/thenify
216 silly ADD node_modules/test-exclude
217 silly ADD node_modules/test-exclude/node_modules/glob
218 silly ADD node_modules/tar
219 silly ADD node_modules/tar/node_modules/yallist
220 silly ADD node_modules/tar/node_modules/mkdirp
221 silly ADD node_modules/tapable
222 silly ADD node_modules/tailwindcss
223 silly ADD node_modules/tailwindcss/node_modules/postcss-load-config
224 silly ADD node_modules/tailwindcss/node_modules/jiti
225 silly ADD node_modules/synckit
226 silly ADD node_modules/symbol-tree
227 silly ADD node_modules/supports-preserve-symlinks-flag
228 silly ADD node_modules/supports-color
229 silly ADD node_modules/sucrase
230 silly ADD node_modules/styled-jsx
231 silly ADD node_modules/strip-json-comments
232 silly ADD node_modules/strip-indent
233 silly ADD node_modules/strip-final-newline
234 silly ADD node_modules/strip-bom
235 silly ADD node_modules/strip-ansi-cjs
236 silly ADD node_modules/strip-ansi
237 silly ADD node_modules/strip-ansi/node_modules/ansi-regex
238 silly ADD node_modules/string.prototype.trimstart
239 silly ADD node_modules/string.prototype.trimend
240 silly ADD node_modules/string.prototype.trim
241 silly ADD node_modules/string.prototype.repeat
242 silly ADD node_modules/string.prototype.matchall
243 silly ADD node_modules/string.prototype.includes
244 silly ADD node_modules/string-width-cjs
245 silly ADD node_modules/string-width-cjs/node_modules/strip-ansi
246 silly ADD node_modules/string-width-cjs/node_modules/emoji-regex
247 silly ADD node_modules/string-width
248 silly ADD node_modules/string-length
249 silly ADD node_modules/string-length/node_modules/strip-ansi
250 silly ADD node_modules/stop-iteration-iterator
251 silly ADD node_modules/stack-utils
252 silly ADD node_modules/stack-utils/node_modules/escape-string-regexp
253 silly ADD node_modules/stable-hash
254 silly ADD node_modules/sprintf-js
255 silly ADD node_modules/source-map-support
256 silly ADD node_modules/source-map-js
257 silly ADD node_modules/source-map
258 silly ADD node_modules/slash
259 silly ADD node_modules/signal-exit
260 silly ADD node_modules/side-channel-weakmap
261 silly ADD node_modules/side-channel-map
262 silly ADD node_modules/side-channel-list
263 silly ADD node_modules/side-channel
264 silly ADD node_modules/shebang-regex
265 silly ADD node_modules/shebang-command
266 silly ADD node_modules/sharp
267 silly ADD node_modules/set-proto
268 silly ADD node_modules/set-function-name
269 silly ADD node_modules/set-function-length
270 silly ADD node_modules/semver
271 silly ADD node_modules/scheduler
272 silly ADD node_modules/saxes
273 silly ADD node_modules/safer-buffer
274 silly ADD node_modules/safe-regex-test
275 silly ADD node_modules/safe-push-apply
276 silly ADD node_modules/safe-array-concat
277 silly ADD node_modules/run-parallel
278 silly ADD node_modules/rrweb-cssom
279 silly ADD node_modules/reusify
280 silly ADD node_modules/resolve-pkg-maps
281 silly ADD node_modules/resolve-from
282 silly ADD node_modules/resolve-cwd
283 silly ADD node_modules/resolve-cwd/node_modules/resolve-from
284 silly ADD node_modules/resolve
285 silly ADD node_modules/require-directory
286 silly ADD node_modules/regexp.prototype.flags
287 silly ADD node_modules/reflect.getprototypeof
288 silly ADD node_modules/redent
289 silly ADD node_modules/readdirp
290 silly ADD node_modules/read-cache
291 silly ADD node_modules/react-is
292 silly ADD node_modules/react-dom
293 silly ADD node_modules/react
294 silly ADD node_modules/queue-microtask
295 silly ADD node_modules/pure-rand
296 silly ADD node_modules/punycode.js
297 silly ADD node_modules/punycode
298 silly ADD node_modules/prop-types
299 silly ADD node_modules/prop-types/node_modules/react-is
300 silly ADD node_modules/pretty-format
301 silly ADD node_modules/pretty-format/node_modules/ansi-styles
302 silly ADD node_modules/prettier
303 silly ADD node_modules/prelude-ls
304 silly ADD node_modules/postcss-value-parser
305 silly ADD node_modules/postcss-selector-parser
306 silly ADD node_modules/postcss-nested
307 silly ADD node_modules/postcss-js
308 silly ADD node_modules/postcss-import
309 silly ADD node_modules/postcss
310 silly ADD node_modules/possible-typed-array-names
311 silly ADD node_modules/pkg-dir
312 silly ADD node_modules/pkg-dir/node_modules/p-locate
313 silly ADD node_modules/pkg-dir/node_modules/p-limit
314 silly ADD node_modules/pkg-dir/node_modules/locate-path
315 silly ADD node_modules/pkg-dir/node_modules/find-up
316 silly ADD node_modules/pirates
317 silly ADD node_modules/pify
318 silly ADD node_modules/picomatch
319 silly ADD node_modules/picocolors
320 silly ADD node_modules/path-scurry
321 silly ADD node_modules/path-scurry/node_modules/lru-cache
322 silly ADD node_modules/path-parse
323 silly ADD node_modules/path-key
324 silly ADD node_modules/path-is-absolute
325 silly ADD node_modules/path-exists
326 silly ADD node_modules/parse5
327 silly ADD node_modules/parse-json
328 silly ADD node_modules/parent-module
329 silly ADD node_modules/package-json-from-dist
330 silly ADD node_modules/p-try
331 silly ADD node_modules/p-locate
332 silly ADD node_modules/p-limit
333 silly ADD node_modules/own-keys
334 silly ADD node_modules/optionator
335 silly ADD node_modules/onetime
336 silly ADD node_modules/once
337 silly ADD node_modules/object.values
338 silly ADD node_modules/object.groupby
339 silly ADD node_modules/object.fromentries
340 silly ADD node_modules/object.entries
341 silly ADD node_modules/object.assign
342 silly ADD node_modules/object-keys
343 silly ADD node_modules/object-inspect
344 silly ADD node_modules/object-hash
345 silly ADD node_modules/object-assign
346 silly ADD node_modules/nwsapi
347 silly ADD node_modules/npm-run-path
348 silly ADD node_modules/normalize-range
349 silly ADD node_modules/normalize-path
350 silly ADD node_modules/node-releases
351 silly ADD node_modules/node-int64
352 silly ADD node_modules/next
353 silly ADD node_modules/next/node_modules/postcss
354 silly ADD node_modules/natural-compare
355 silly ADD node_modules/napi-postinstall
356 silly ADD node_modules/nanoid
357 silly ADD node_modules/mz
358 silly ADD node_modules/ms
359 silly ADD node_modules/mkdirp
360 silly ADD node_modules/minizlib
361 silly ADD node_modules/minipass
362 silly ADD node_modules/minimist
363 silly ADD node_modules/minimatch
364 silly ADD node_modules/min-indent
365 silly ADD node_modules/mimic-fn
366 silly ADD node_modules/micromatch
367 silly ADD node_modules/merge2
368 silly ADD node_modules/merge-stream
369 silly ADD node_modules/mdurl
370 silly ADD node_modules/math-intrinsics
371 silly ADD node_modules/markdown-it
372 silly ADD node_modules/markdown-it/node_modules/entities
373 silly ADD node_modules/makeerror
374 silly ADD node_modules/make-dir
375 silly ADD node_modules/magic-string
376 silly ADD node_modules/lz-string
377 silly ADD node_modules/lunr
378 silly ADD node_modules/lru-cache
379 silly ADD node_modules/loose-envify
380 silly ADD node_modules/lodash.merge
381 silly ADD node_modules/locate-path
382 silly ADD node_modules/linkify-it
383 silly ADD node_modules/lines-and-columns
384 silly ADD node_modules/lilconfig
385 silly ADD
386 silly ADD
387 silly ADD node_modules/lightningcss-linux-x64-musl
388 silly ADD node_modules/lightningcss-linux-x64-gnu
389 silly ADD
390 silly ADD
391 silly ADD
392 silly ADD
393 silly ADD
394 silly ADD
395 silly ADD node_modules/lightningcss
396 silly ADD node_modules/levn
397 silly ADD node_modules/leven
398 silly ADD node_modules/language-tags
399 silly ADD node_modules/language-subtag-registry
400 silly ADD node_modules/keyv
401 silly ADD node_modules/jsx-ast-utils
402 silly ADD node_modules/json5
403 silly ADD node_modules/json-stable-stringify-without-jsonify
404 silly ADD node_modules/json-schema-traverse
405 silly ADD node_modules/json-parse-even-better-errors
406 silly ADD node_modules/json-buffer
407 silly ADD node_modules/jsesc
408 silly ADD node_modules/jsdom
409 silly ADD node_modules/js-yaml
410 silly ADD node_modules/js-tokens
411 silly ADD node_modules/jiti
412 silly ADD node_modules/jest-worker
413 silly ADD node_modules/jest-worker/node_modules/supports-color
414 silly ADD node_modules/jest-watcher
415 silly ADD node_modules/jest-validate
416 silly ADD node_modules/jest-validate/node_modules/react-is
417 silly ADD node_modules/jest-validate/node_modules/pretty-format
418 silly ADD node_modules/jest-validate/node_modules/camelcase
419 silly ADD node_modules/jest-validate/node_modules/ansi-styles
420 silly ADD node_modules/jest-util
421 silly ADD node_modules/jest-util/node_modules/picomatch
422 silly ADD node_modules/jest-snapshot
423 silly ADD node_modules/jest-snapshot/node_modules/react-is
424 silly ADD node_modules/jest-snapshot/node_modules/pretty-format
425 silly ADD node_modules/jest-snapshot/node_modules/ansi-styles
426 silly ADD node_modules/jest-runtime
427 silly ADD node_modules/jest-runner
428 silly ADD node_modules/jest-resolve-dependencies
429 silly ADD node_modules/jest-resolve
430 silly ADD node_modules/jest-regex-util
431 silly ADD node_modules/jest-pnp-resolver
432 silly ADD node_modules/jest-mock
433 silly ADD node_modules/jest-message-util
434 silly ADD node_modules/jest-message-util/node_modules/react-is
435 silly ADD node_modules/jest-message-util/node_modules/pretty-format
436 silly ADD node_modules/jest-message-util/node_modules/ansi-styles
437 silly ADD node_modules/jest-matcher-utils
438 silly ADD node_modules/jest-matcher-utils/node_modules/react-is
439 silly ADD node_modules/jest-matcher-utils/node_modules/pretty-format
440 silly ADD node_modules/jest-matcher-utils/node_modules/ansi-styles
441 silly ADD node_modules/jest-leak-detector
442 silly ADD node_modules/jest-leak-detector/node_modules/react-is
443 silly ADD node_modules/jest-leak-detector/node_modules/pretty-format
444 silly ADD node_modules/jest-leak-detector/node_modules/ansi-styles
445 silly ADD node_modules/jest-junit
446 silly ADD node_modules/jest-junit/node_modules/strip-ansi
447 silly ADD node_modules/jest-haste-map
448 silly ADD node_modules/jest-environment-node
449 silly ADD node_modules/jest-environment-jsdom
450 silly ADD node_modules/jest-each
451 silly ADD node_modules/jest-each/node_modules/react-is
452 silly ADD node_modules/jest-each/node_modules/pretty-format
453 silly ADD node_modules/jest-each/node_modules/ansi-styles
454 silly ADD node_modules/jest-docblock
455 silly ADD node_modules/jest-diff
456 silly ADD node_modules/jest-diff/node_modules/react-is
457 silly ADD node_modules/jest-diff/node_modules/pretty-format
458 silly ADD node_modules/jest-diff/node_modules/ansi-styles
459 silly ADD node_modules/jest-config
460 silly ADD node_modules/jest-config/node_modules/react-is
461 silly ADD node_modules/jest-config/node_modules/pretty-format
462 silly ADD node_modules/jest-config/node_modules/ansi-styles
463 silly ADD node_modules/jest-cli
464 silly ADD node_modules/jest-circus
465 silly ADD node_modules/jest-circus/node_modules/react-is
466 silly ADD node_modules/jest-circus/node_modules/pretty-format
467 silly ADD node_modules/jest-circus/node_modules/ansi-styles
468 silly ADD node_modules/jest-changed-files
469 silly ADD node_modules/jest
470 silly ADD node_modules/jackspeak
471 silly ADD node_modules/iterator.prototype
472 silly ADD node_modules/istanbul-reports
473 silly ADD node_modules/istanbul-lib-source-maps
474 silly ADD node_modules/istanbul-lib-report
475 silly ADD node_modules/istanbul-lib-instrument
476 silly ADD node_modules/istanbul-lib-coverage
477 silly ADD node_modules/isexe
478 silly ADD node_modules/isarray
479 silly ADD node_modules/is-weakset
480 silly ADD node_modules/is-weakref
481 silly ADD node_modules/is-weakmap
482 silly ADD node_modules/is-typed-array
483 silly ADD node_modules/is-symbol
484 silly ADD node_modules/is-string
485 silly ADD node_modules/is-stream
486 silly ADD node_modules/is-shared-array-buffer
487 silly ADD node_modules/is-set
488 silly ADD node_modules/is-regex
489 silly ADD node_modules/is-potential-custom-element-name
490 silly ADD node_modules/is-number-object
491 silly ADD node_modules/is-number
492 silly ADD node_modules/is-negative-zero
493 silly ADD node_modules/is-map
494 silly ADD node_modules/is-glob
495 silly ADD node_modules/is-generator-function
496 silly ADD node_modules/is-generator-fn
497 silly ADD node_modules/is-fullwidth-code-point
498 silly ADD node_modules/is-finalizationregistry
499 silly ADD node_modules/is-extglob
500 silly ADD node_modules/is-date-object
501 silly ADD node_modules/is-data-view
502 silly ADD node_modules/is-core-module
503 silly ADD node_modules/is-callable
504 silly ADD node_modules/is-bun-module
505 silly ADD node_modules/is-boolean-object
506 silly ADD node_modules/is-binary-path
507 silly ADD node_modules/is-bigint
508 silly ADD node_modules/is-async-function
509 silly ADD node_modules/is-arrayish
510 silly ADD node_modules/is-array-buffer
511 silly ADD node_modules/internal-slot
512 silly ADD node_modules/inherits
513 silly ADD node_modules/inflight
514 silly ADD node_modules/indent-string
515 silly ADD node_modules/imurmurhash
516 silly ADD node_modules/import-local
517 silly ADD node_modules/import-fresh
518 silly ADD node_modules/ignore
519 silly ADD node_modules/iconv-lite
520 silly ADD node_modules/human-signals
521 silly ADD node_modules/https-proxy-agent
522 silly ADD node_modules/http-proxy-agent
523 silly ADD node_modules/html-escaper
524 silly ADD node_modules/html-encoding-sniffer
525 silly ADD node_modules/hasown
526 silly ADD node_modules/has-tostringtag
527 silly ADD node_modules/has-symbols
528 silly ADD node_modules/has-proto
529 silly ADD node_modules/has-property-descriptors
530 silly ADD node_modules/has-flag
531 silly ADD node_modules/has-bigints
532 silly ADD node_modules/graphemer
533 silly ADD node_modules/graceful-fs
534 silly ADD node_modules/gopd
535 silly ADD node_modules/globalthis
536 silly ADD node_modules/globals
537 silly ADD node_modules/glob-parent
538 silly ADD node_modules/glob
539 silly ADD node_modules/glob/node_modules/minimatch
540 silly ADD node_modules/glob/node_modules/brace-expansion
541 silly ADD node_modules/get-tsconfig
542 silly ADD node_modules/get-symbol-description
543 silly ADD node_modules/get-stream
544 silly ADD node_modules/get-proto
545 silly ADD node_modules/get-package-type
546 silly ADD node_modules/get-intrinsic
547 silly ADD node_modules/get-caller-file
548 silly ADD node_modules/gensync
549 silly ADD node_modules/functions-have-names
550 silly ADD node_modules/function.prototype.name
551 silly ADD node_modules/function-bind
552 silly ADD
553 silly ADD node_modules/fs.realpath
554 silly ADD node_modules/fraction.js
555 silly ADD node_modules/foreground-child
556 silly ADD node_modules/for-each
557 silly ADD node_modules/flatted
558 silly ADD node_modules/flat-cache
559 silly ADD node_modules/find-up
560 silly ADD node_modules/fill-range
561 silly ADD node_modules/file-entry-cache
562 silly ADD node_modules/fb-watchman
563 silly ADD node_modules/fastq
564 silly ADD node_modules/fast-levenshtein
565 silly ADD node_modules/fast-json-stable-stringify
566 silly ADD node_modules/fast-glob
567 silly ADD node_modules/fast-glob/node_modules/glob-parent
568 silly ADD node_modules/fast-deep-equal
569 silly ADD node_modules/expect
570 silly ADD node_modules/exit-x
571 silly ADD node_modules/execa
572 silly ADD node_modules/execa/node_modules/signal-exit
573 silly ADD node_modules/esutils
574 silly ADD node_modules/estraverse
575 silly ADD node_modules/esrecurse
576 silly ADD node_modules/esquery
577 silly ADD node_modules/esprima
578 silly ADD node_modules/espree
579 silly ADD node_modules/espree/node_modules/eslint-visitor-keys
580 silly ADD node_modules/eslint-visitor-keys
581 silly ADD node_modules/eslint-scope
582 silly ADD node_modules/eslint-plugin-react-hooks
583 silly ADD node_modules/eslint-plugin-react
584 silly ADD node_modules/eslint-plugin-react/node_modules/semver
585 silly ADD node_modules/eslint-plugin-react/node_modules/resolve
586 silly ADD node_modules/eslint-plugin-jsx-a11y
587 silly ADD node_modules/eslint-plugin-jsx-a11y/node_modules/aria-query
588 silly ADD node_modules/eslint-plugin-jest
589 silly ADD node_modules/eslint-plugin-import
590 silly ADD node_modules/eslint-plugin-import/node_modules/semver
591 silly ADD node_modules/eslint-plugin-import/node_modules/eslint-module-utils
592 silly ADD node_modules/eslint-plugin-import/node_modules/debug
593 silly ADD node_modules/eslint-plugin-boundaries
594 silly ADD node_modules/eslint-module-utils
595 silly ADD node_modules/eslint-module-utils/node_modules/debug
596 silly ADD node_modules/eslint-import-resolver-typescript
597 silly ADD node_modules/eslint-import-resolver-node
598 silly ADD node_modules/eslint-import-resolver-node/node_modules/debug
599 silly ADD node_modules/eslint-config-prettier
600 silly ADD node_modules/eslint-config-next
601 silly ADD node_modules/eslint
602 silly ADD node_modules/eslint/node_modules/eslint-visitor-keys
603 silly ADD node_modules/escape-string-regexp
604 silly ADD node_modules/escalade
605 silly ADD node_modules/es-to-primitive
606 silly ADD node_modules/es-shim-unscopables
607 silly ADD node_modules/es-set-tostringtag
608 silly ADD node_modules/es-object-atoms
609 silly ADD node_modules/es-iterator-helpers
610 silly ADD node_modules/es-errors
611 silly ADD node_modules/es-define-property
612 silly ADD node_modules/es-abstract
613 silly ADD node_modules/error-ex
614 silly ADD node_modules/entities
615 silly ADD node_modules/enhanced-resolve
616 silly ADD node_modules/emoji-regex
617 silly ADD node_modules/emittery
618 silly ADD node_modules/electron-to-chromium
619 silly ADD node_modules/eastasianwidth
620 silly ADD node_modules/dunder-proto
621 silly ADD node_modules/dom-accessibility-api
622 silly ADD node_modules/doctrine
623 silly ADD node_modules/dlv
624 silly ADD node_modules/didyoumean
625 silly ADD node_modules/detect-newline
626 silly ADD node_modules/detect-libc
627 silly ADD node_modules/dequal
628 silly ADD node_modules/define-properties
629 silly ADD node_modules/define-data-property
630 silly ADD node_modules/deepmerge
631 silly ADD node_modules/deep-is
632 silly ADD node_modules/dedent
633 silly ADD node_modules/decimal.js
634 silly ADD node_modules/debug
635 silly ADD node_modules/data-view-byte-offset
636 silly ADD node_modules/data-view-byte-length
637 silly ADD node_modules/data-view-buffer
638 silly ADD node_modules/data-urls
639 silly ADD node_modules/damerau-levenshtein
640 silly ADD node_modules/csstype
641 silly ADD node_modules/cssstyle
642 silly ADD node_modules/cssesc
643 silly ADD node_modules/css.escape
644 silly ADD node_modules/cross-spawn
645 silly ADD node_modules/convert-source-map
646 silly ADD node_modules/concat-map
647 silly ADD node_modules/commander
648 silly ADD node_modules/color-name
649 silly ADD node_modules/color-convert
650 silly ADD node_modules/collect-v8-coverage
651 silly ADD node_modules/co
652 silly ADD node_modules/cliui
653 silly ADD node_modules/cliui/node_modules/wrap-ansi
654 silly ADD node_modules/cliui/node_modules/strip-ansi
655 silly ADD node_modules/cliui/node_modules/string-width
656 silly ADD node_modules/cliui/node_modules/emoji-regex
657 silly ADD node_modules/client-only
658 silly ADD node_modules/cjs-module-lexer
659 silly ADD node_modules/ci-info
660 silly ADD node_modules/chownr
661 silly ADD node_modules/chokidar
662 silly ADD node_modules/chokidar/node_modules/glob-parent
663 silly ADD node_modules/char-regex
664 silly ADD node_modules/chalk
665 silly ADD node_modules/caniuse-lite
666 silly ADD node_modules/camelcase-css
667 silly ADD node_modules/camelcase
668 silly ADD node_modules/callsites
669 silly ADD node_modules/call-bound
670 silly ADD node_modules/call-bind-apply-helpers
671 silly ADD node_modules/call-bind
672 silly ADD node_modules/buffer-from
673 silly ADD node_modules/bser
674 silly ADD node_modules/browserslist
675 silly ADD node_modules/braces
676 silly ADD node_modules/brace-expansion
677 silly ADD node_modules/binary-extensions
678 silly ADD node_modules/baseline-browser-mapping
679 silly ADD node_modules/balanced-match
680 silly ADD node_modules/babel-preset-jest
681 silly ADD node_modules/babel-preset-current-node-syntax
682 silly ADD node_modules/babel-plugin-jest-hoist
683 silly ADD node_modules/babel-plugin-istanbul
684 silly ADD node_modules/babel-jest
685 silly ADD node_modules/axobject-query
686 silly ADD node_modules/axe-core
687 silly ADD node_modules/available-typed-arrays
688 silly ADD node_modules/autoprefixer
689 silly ADD node_modules/async-function
690 silly ADD node_modules/ast-types-flow
691 silly ADD node_modules/arraybuffer.prototype.slice
692 silly ADD node_modules/array.prototype.tosorted
693 silly ADD node_modules/array.prototype.flatmap
694 silly ADD node_modules/array.prototype.flat
695 silly ADD node_modules/array.prototype.findlastindex
696 silly ADD node_modules/array.prototype.findlast
697 silly ADD node_modules/array-includes
698 silly ADD node_modules/array-buffer-byte-length
699 silly ADD node_modules/aria-query
700 silly ADD node_modules/argparse
701 silly ADD node_modules/arg
702 silly ADD node_modules/anymatch
703 silly ADD node_modules/any-promise
704 silly ADD node_modules/ansi-styles
705 silly ADD node_modules/ansi-regex
706 silly ADD node_modules/ansi-escapes
707 silly ADD node_modules/ajv
708 silly ADD node_modules/agent-base
709 silly ADD node_modules/acorn-jsx
710 silly ADD node_modules/acorn
711 silly ADD
712 silly ADD
713 silly ADD
714 silly ADD
715 silly ADD node_modules/@unrs/resolver-binding-linux-x64-musl
716 silly ADD node_modules/@unrs/resolver-binding-linux-x64-gnu
717 silly ADD
718 silly ADD
719 silly ADD
720 silly ADD
721 silly ADD
722 silly ADD
723 silly ADD
724 silly ADD
725 silly ADD
726 silly ADD
727 silly ADD
728 silly ADD
729 silly ADD
730 silly ADD node_modules/@ungap/structured-clone
731 silly ADD node_modules/@typescript-eslint/visitor-keys
732 silly ADD node_modules/@typescript-eslint/visitor-keys/node_modules/eslint-visitor-keys
733 silly ADD node_modules/@typescript-eslint/utils
734 silly ADD node_modules/@typescript-eslint/typescript-estree
735 silly ADD node_modules/@typescript-eslint/typescript-estree/node_modules/minimatch
736 silly ADD node_modules/@typescript-eslint/typescript-estree/node_modules/brace-expansion
737 silly ADD node_modules/@typescript-eslint/types
738 silly ADD node_modules/@typescript-eslint/type-utils
739 silly ADD node_modules/@typescript-eslint/tsconfig-utils
740 silly ADD node_modules/@typescript-eslint/scope-manager
741 silly ADD node_modules/@typescript-eslint/project-service
742 silly ADD node_modules/@typescript-eslint/parser
743 silly ADD node_modules/@typescript-eslint/eslint-plugin
744 silly ADD node_modules/@typescript-eslint/eslint-plugin/node_modules/ignore
745 silly ADD node_modules/@types/yargs-parser
746 silly ADD node_modules/@types/yargs
747 silly ADD node_modules/@types/unist
748 silly ADD node_modules/@types/tough-cookie
749 silly ADD node_modules/@types/stack-utils
750 silly ADD node_modules/@types/react-dom
751 silly ADD node_modules/@types/react
752 silly ADD node_modules/@types/node
753 silly ADD node_modules/@types/json5
754 silly ADD node_modules/@types/json-schema
755 silly ADD node_modules/@types/jsdom
756 silly ADD node_modules/@types/istanbul-reports
757 silly ADD node_modules/@types/istanbul-lib-report
758 silly ADD node_modules/@types/istanbul-lib-coverage
759 silly ADD node_modules/@types/hast
760 silly ADD node_modules/@types/estree
761 silly ADD node_modules/@types/babel__traverse
762 silly ADD node_modules/@types/babel__template
763 silly ADD node_modules/@types/babel__generator
764 silly ADD node_modules/@types/babel__core
765 silly ADD node_modules/@types/aria-query
766 silly ADD node_modules/@tybys/wasm-util
767 silly ADD node_modules/@testing-library/react
768 silly ADD node_modules/@testing-library/jest-dom
769 silly ADD node_modules/@testing-library/jest-dom/node_modules/dom-accessibility-api
770 silly ADD node_modules/@testing-library/dom
771 silly ADD node_modules/@tailwindcss/postcss
772 silly ADD node_modules/@tailwindcss/postcss/node_modules/tailwindcss
773 silly ADD
774 silly ADD
775 silly ADD
776 silly ADD node_modules/@tailwindcss/oxide-linux-x64-musl
777 silly ADD node_modules/@tailwindcss/oxide-linux-x64-gnu
778 silly ADD
779 silly ADD
780 silly ADD
781 silly ADD
782 silly ADD
783 silly ADD
784 silly ADD
785 silly ADD node_modules/@tailwindcss/oxide
786 silly ADD node_modules/@tailwindcss/node
787 silly ADD node_modules/@tailwindcss/node/node_modules/tailwindcss
788 silly ADD node_modules/@swc/helpers
789 silly ADD node_modules/@sinonjs/fake-timers
790 silly ADD node_modules/@sinonjs/commons
791 silly ADD node_modules/@sinclair/typebox
792 silly ADD node_modules/@shikijs/vscode-textmate
793 silly ADD node_modules/@shikijs/types
794 silly ADD node_modules/@shikijs/themes
795 silly ADD node_modules/@shikijs/langs
796 silly ADD node_modules/@shikijs/engine-oniguruma
797 silly ADD node_modules/@rushstack/eslint-patch
798 silly ADD node_modules/@rtsao/scc
799 silly ADD node_modules/@pkgr/core
800 silly ADD node_modules/@pkgjs/parseargs
801 silly ADD node_modules/@nolyfill/is-core-module
802 silly ADD node_modules/@nodelib/fs.walk
803 silly ADD node_modules/@nodelib/fs.stat
804 silly ADD node_modules/@nodelib/fs.scandir
805 silly ADD
806 silly ADD
807 silly ADD node_modules/@next/swc-linux-x64-musl
808 silly ADD node_modules/@next/swc-linux-x64-gnu
809 silly ADD
810 silly ADD
811 silly ADD
812 silly ADD
813 silly ADD node_modules/@next/eslint-plugin-next
814 silly ADD node_modules/@next/eslint-plugin-next/node_modules/glob-parent
815 silly ADD node_modules/@next/eslint-plugin-next/node_modules/fast-glob
816 silly ADD node_modules/@next/env
817 silly ADD node_modules/@napi-rs/wasm-runtime
818 silly ADD node_modules/@jridgewell/trace-mapping
819 silly ADD node_modules/@jridgewell/sourcemap-codec
820 silly ADD node_modules/@jridgewell/resolve-uri
821 silly ADD node_modules/@jridgewell/remapping
822 silly ADD node_modules/@jridgewell/gen-mapping
823 silly ADD node_modules/@jest/types
824 silly ADD node_modules/@jest/transform
825 silly ADD node_modules/@jest/test-sequencer
826 silly ADD node_modules/@jest/test-result
827 silly ADD node_modules/@jest/source-map
828 silly ADD node_modules/@jest/snapshot-utils
829 silly ADD node_modules/@jest/schemas
830 silly ADD node_modules/@jest/reporters
831 silly ADD node_modules/@jest/pattern
832 silly ADD node_modules/@jest/globals
833 silly ADD node_modules/@jest/get-type
834 silly ADD node_modules/@jest/fake-timers
835 silly ADD node_modules/@jest/expect-utils
836 silly ADD node_modules/@jest/expect
837 silly ADD node_modules/@jest/environment-jsdom-abstract
838 silly ADD node_modules/@jest/environment
839 silly ADD node_modules/@jest/diff-sequences
840 silly ADD node_modules/@jest/core
841 silly ADD node_modules/@jest/core/node_modules/react-is
842 silly ADD node_modules/@jest/core/node_modules/pretty-format
843 silly ADD node_modules/@jest/core/node_modules/ansi-styles
844 silly ADD node_modules/@jest/console
845 silly ADD node_modules/@istanbuljs/schema
846 silly ADD node_modules/@istanbuljs/load-nyc-config
847 silly ADD node_modules/@istanbuljs/load-nyc-config/node_modules/resolve-from
848 silly ADD node_modules/@istanbuljs/load-nyc-config/node_modules/p-locate
849 silly ADD node_modules/@istanbuljs/load-nyc-config/node_modules/p-limit
850 silly ADD node_modules/@istanbuljs/load-nyc-config/node_modules/locate-path
851 silly ADD node_modules/@istanbuljs/load-nyc-config/node_modules/js-yaml
852 silly ADD node_modules/@istanbuljs/load-nyc-config/node_modules/find-up
853 silly ADD node_modules/@istanbuljs/load-nyc-config/node_modules/argparse
854 silly ADD node_modules/@isaacs/fs-minipass
855 silly ADD node_modules/@isaacs/cliui
856 silly ADD
857 silly ADD
858 silly ADD
859 silly ADD
860 silly ADD node_modules/@img/sharp-linuxmusl-x64
861 silly ADD
862 silly ADD node_modules/@img/sharp-linux-x64
863 silly ADD
864 silly ADD
865 silly ADD
866 silly ADD
867 silly ADD node_modules/@img/sharp-libvips-linuxmusl-x64
868 silly ADD
869 silly ADD node_modules/@img/sharp-libvips-linux-x64
870 silly ADD
871 silly ADD
872 silly ADD
873 silly ADD
874 silly ADD
875 silly ADD
876 silly ADD
877 silly ADD
878 silly ADD node_modules/@img/colour
879 silly ADD node_modules/@humanwhocodes/retry
880 silly ADD node_modules/@humanwhocodes/module-importer
881 silly ADD node_modules/@humanfs/node
882 silly ADD node_modules/@humanfs/core
883 silly ADD node_modules/@gerrit0/mini-shiki
884 silly ADD node_modules/@eslint/plugin-kit
885 silly ADD node_modules/@eslint/object-schema
886 silly ADD node_modules/@eslint/js
887 silly ADD node_modules/@eslint/eslintrc
888 silly ADD node_modules/@eslint/core
889 silly ADD node_modules/@eslint/config-helpers
890 silly ADD node_modules/@eslint/config-array
891 silly ADD node_modules/@eslint-community/regexpp
892 silly ADD node_modules/@eslint-community/eslint-utils
893 silly ADD node_modules/@emnapi/wasi-threads
894 silly ADD node_modules/@emnapi/runtime
895 silly ADD node_modules/@emnapi/core
896 silly ADD node_modules/@csstools/css-tokenizer
897 silly ADD node_modules/@csstools/css-parser-algorithms
898 silly ADD node_modules/@csstools/css-color-parser
899 silly ADD node_modules/@csstools/css-calc
900 silly ADD node_modules/@csstools/color-helpers
901 silly ADD node_modules/@bcoe/v8-coverage
902 silly ADD node_modules/@babel/types
903 silly ADD node_modules/@babel/traverse
904 silly ADD node_modules/@babel/template
905 silly ADD node_modules/@babel/runtime
906 silly ADD node_modules/@babel/plugin-syntax-typescript
907 silly ADD node_modules/@babel/plugin-syntax-top-level-await
908 silly ADD node_modules/@babel/plugin-syntax-private-property-in-object
909 silly ADD node_modules/@babel/plugin-syntax-optional-chaining
910 silly ADD node_modules/@babel/plugin-syntax-optional-catch-binding
911 silly ADD node_modules/@babel/plugin-syntax-object-rest-spread
912 silly ADD node_modules/@babel/plugin-syntax-numeric-separator
913 silly ADD node_modules/@babel/plugin-syntax-nullish-coalescing-operator
914 silly ADD node_modules/@babel/plugin-syntax-logical-assignment-operators
915 silly ADD node_modules/@babel/plugin-syntax-jsx
916 silly ADD node_modules/@babel/plugin-syntax-json-strings
917 silly ADD node_modules/@babel/plugin-syntax-import-meta
918 silly ADD node_modules/@babel/plugin-syntax-import-attributes
919 silly ADD node_modules/@babel/plugin-syntax-class-static-block
920 silly ADD node_modules/@babel/plugin-syntax-class-properties
921 silly ADD node_modules/@babel/plugin-syntax-bigint
922 silly ADD node_modules/@babel/plugin-syntax-async-generators
923 silly ADD node_modules/@babel/parser
924 silly ADD node_modules/@babel/helpers
925 silly ADD node_modules/@babel/helper-validator-option
926 silly ADD node_modules/@babel/helper-validator-identifier
927 silly ADD node_modules/@babel/helper-string-parser
928 silly ADD node_modules/@babel/helper-plugin-utils
929 silly ADD node_modules/@babel/helper-module-transforms
930 silly ADD node_modules/@babel/helper-module-imports
931 silly ADD node_modules/@babel/helper-globals
932 silly ADD node_modules/@babel/helper-compilation-targets
933 silly ADD node_modules/@babel/helper-compilation-targets/node_modules/semver
934 silly ADD node_modules/@babel/generator
935 silly ADD node_modules/@babel/core
936 silly ADD node_modules/@babel/core/node_modules/semver
937 silly ADD node_modules/@babel/compat-data
938 silly ADD node_modules/@babel/code-frame
939 silly ADD node_modules/@asamuzakjp/css-color
940 silly ADD node_modules/@asamuzakjp/css-color/node_modules/lru-cache
941 silly ADD node_modules/@alloc/quick-lru
942 silly ADD node_modules/@adobe/css-tools
943 verbose cwd /builds/zenet/web/web-frontend
944 verbose os Linux 6.8.0-83-generic
945 verbose node v20.19.5
946 verbose npm  v10.8.2
947 verbose exit 0
948 info ok
